sample.interval=20000
"tryCatchOne" "tryCatchList" "tryCatch" "withCallingHandlers" ".rs.callAs" "Rprof" 
"load" 
"load" 
"load" 
"load" 
"load" 
"load" 
"load" 
"load" 
"load" 
"load" 
"load" 
"load" 
"load" 
"load" 
"load" 
"load" 
"load" 
"load" 
"load" 
"load" 
"load" 
"load" 
"load" 
"load" 
"load" 
"load" 
"load" 
"load" 
"load" 
"load" 
"load" 
"load" 
"load" 
"load" 
"load" 
"load" 
"load" 
"load" 
"load" 
"load" 
"load" 
"load" 
"load" 
"load" 
"load" 
"load" 
"load" 
"load" 
"load" 
"load" 
"load" 
"load" 
"load" 
"load" 
"load" 
"load" 
"load" 
"load" 
"load" 
"load" 
"load" 
"load" 
"load" 
"load" 
"load" 
"load" 
"load" 
"load" 
"load" 
"load" 
"load" 
"load" 
"load" 
"load" 
"load" 
"load" 
"load" 
"load" 
"load" 
"load" 
"load" 
"load" 
"load" 
"load" 
"load" 
"load" 
"load" 
"load" 
"load" 
"load" 
"load" 
"load" 
"load" 
"load" 
"load" 
"load" 
"load" 
"load" 
"load" 
"load" 
"load" 
"load" 
"load" 
"load" 
"load" 
"load" 
"load" 
"load" 
"load" 
"load" 
"load" 
"load" 
"load" 
"load" 
"load" 
"load" 
"load" 
"load" 
"load" 
"load" 
"load" 
"load" 
"load" 
"load" 
"load" 
"load" 
"load" 
"load" 
"load" 
"load" 
"load" 
"load" 
"load" 
"load" 
"load" 
"load" 
"load" 
"load" 
"load" 
"load" 
"load" 
"load" 
"load" 
"load" 
".Call" ".rs.isBrowserActive" ".rs.reticulate.replIsActive" 
"structure" "object.size" ".rs.describeObject" 
"eval" "match.arg" "prettyNum" "format.default" "format" "format.fun" "paste" "nchar.w" "maybe_truncate" "formObj" "cat" "str.default" "str" "<Anonymous>" "do.call" "strSub" "str.default" "str" "doTryCatch" "tryCatchOne" "tryCatchList" "tryCatch" "try" "...elt" "withVisible" "capture.output" "doTryCatch" "tryCatchOne" "tryCatchList" "tryCatch" ".rs.withTimeLimit" ".rs.valueFromStr" ".rs.valueContentsImpl" "doTryCatch" "tryCatchOne" "tryCatchList" "tryCatch" ".rs.valueContents" ".rs.describeObject" 
"structure" "object.size" ".rs.describeObject" 
"structure" "object.size" ".rs.describeObject" 
"format.default" "format" "str.default" "str" "<Anonymous>" "do.call" "strSub" "str.default" "str" "<Anonymous>" "do.call" "strSub" "str.default" "str" "<Anonymous>" "do.call" "strSub" "str.default" "str" "doTryCatch" "tryCatchOne" "tryCatchList" "tryCatch" "try" "...elt" "withVisible" "capture.output" "doTryCatch" "tryCatchOne" "tryCatchList" "tryCatch" ".rs.withTimeLimit" ".rs.valueFromStr" ".rs.valueContentsImpl" "doTryCatch" "tryCatchOne" "tryCatchList" "tryCatch" ".rs.valueContents" ".rs.describeObject" 
"str" "<Anonymous>" "do.call" "strSub" "str.default" "str" "<Anonymous>" "do.call" "strSub" "str.default" "str" "<Anonymous>" "do.call" "strSub" "str.default" "str" "<Anonymous>" "do.call" "strSub" "str.default" "str" "doTryCatch" "tryCatchOne" "tryCatchList" "tryCatch" "try" "...elt" "withVisible" "capture.output" "doTryCatch" "tryCatchOne" "tryCatchList" "tryCatch" ".rs.withTimeLimit" ".rs.valueFromStr" ".rs.valueContentsImpl" "doTryCatch" "tryCatchOne" "tryCatchList" "tryCatch" ".rs.valueContents" ".rs.describeObject" 
"stats::is.ts" "str.default" "str" "<Anonymous>" "do.call" "strSub" "str.default" "str" "<Anonymous>" "do.call" "strSub" "str.default" "str" "<Anonymous>" "do.call" "strSub" "str.default" "str" "<Anonymous>" "do.call" "strSub" "str.default" "str" "doTryCatch" "tryCatchOne" "tryCatchList" "tryCatch" "try" "...elt" "withVisible" "capture.output" "doTryCatch" "tryCatchOne" "tryCatchList" "tryCatch" ".rs.withTimeLimit" ".rs.valueFromStr" ".rs.valueContentsImpl" "doTryCatch" "tryCatchOne" "tryCatchList" "tryCatch" ".rs.valueContents" ".rs.describeObject" 
"paste0" "arrLenstr" "str.default" "str" "<Anonymous>" "do.call" "strSub" "str.default" "str" "<Anonymous>" "do.call" "strSub" "str.default" "str" "<Anonymous>" "do.call" "strSub" "str.default" "str" "<Anonymous>" "do.call" "strSub" "str.default" "str" "doTryCatch" "tryCatchOne" "tryCatchList" "tryCatch" "try" "...elt" "withVisible" "capture.output" "doTryCatch" "tryCatchOne" "tryCatchList" "tryCatch" ".rs.withTimeLimit" ".rs.valueFromStr" ".rs.valueContentsImpl" "doTryCatch" "tryCatchOne" "tryCatchList" "tryCatch" ".rs.valueContents" ".rs.describeObject" 
"str.default" "str" "<Anonymous>" "do.call" "strSub" "str.default" "str" "<Anonymous>" "do.call" "strSub" "str.default" "str" "<Anonymous>" "do.call" "strSub" "str.default" "str" "<Anonymous>" "do.call" "strSub" "str.default" "str" "doTryCatch" "tryCatchOne" "tryCatchList" "tryCatch" "try" "...elt" "withVisible" "capture.output" "doTryCatch" "tryCatchOne" "tryCatchList" "tryCatch" ".rs.withTimeLimit" ".rs.valueFromStr" ".rs.valueContentsImpl" "doTryCatch" "tryCatchOne" "tryCatchList" "tryCatch" ".rs.valueContents" ".rs.describeObject" 
"cat" "str.default" "str" "<Anonymous>" "do.call" "strSub" "str.default" "str" "<Anonymous>" "do.call" "strSub" "str.default" "str" "<Anonymous>" "do.call" "strSub" "str.default" "str" "doTryCatch" "tryCatchOne" "tryCatchList" "tryCatch" "try" "...elt" "withVisible" "capture.output" "doTryCatch" "tryCatchOne" "tryCatchList" "tryCatch" ".rs.withTimeLimit" ".rs.valueFromStr" ".rs.valueContentsImpl" "doTryCatch" "tryCatchOne" "tryCatchList" "tryCatch" ".rs.valueContents" ".rs.describeObject" 
"%in%" "modifyList" "str.default" "str" "<Anonymous>" "do.call" "strSub" "str.default" "str" "<Anonymous>" "do.call" "strSub" "str.default" "str" "<Anonymous>" "do.call" "strSub" "str.default" "str" "doTryCatch" "tryCatchOne" "tryCatchList" "tryCatch" "try" "...elt" "withVisible" "capture.output" "doTryCatch" "tryCatchOne" "tryCatchList" "tryCatch" ".rs.withTimeLimit" ".rs.valueFromStr" ".rs.valueContentsImpl" "doTryCatch" "tryCatchOne" "tryCatchList" "tryCatch" ".rs.valueContents" ".rs.describeObject" 
"%in%" "modifyList" "str.default" "str" "<Anonymous>" "do.call" "strSub" "str.default" "str" "<Anonymous>" "do.call" "strSub" "str.default" "str" "<Anonymous>" "do.call" "strSub" "str.default" "str" "doTryCatch" "tryCatchOne" "tryCatchList" "tryCatch" "try" "...elt" "withVisible" "capture.output" "doTryCatch" "tryCatchOne" "tryCatchList" "tryCatch" ".rs.withTimeLimit" ".rs.valueFromStr" ".rs.valueContentsImpl" "doTryCatch" "tryCatchOne" "tryCatchList" "tryCatch" ".rs.valueContents" ".rs.describeObject" 
"%in%" "modifyList" "str.default" "str" "<Anonymous>" "do.call" "strSub" "str.default" "str" "<Anonymous>" "do.call" "strSub" "str.default" "str" "<Anonymous>" "do.call" "strSub" "str.default" "str" "doTryCatch" "tryCatchOne" "tryCatchList" "tryCatch" "try" "...elt" "withVisible" "capture.output" "doTryCatch" "tryCatchOne" "tryCatchList" "tryCatch" ".rs.withTimeLimit" ".rs.valueFromStr" ".rs.valueContentsImpl" "doTryCatch" "tryCatchOne" "tryCatchList" "tryCatch" ".rs.valueContents" ".rs.describeObject" 
"%in%" "modifyList" "str.default" "str" "<Anonymous>" "do.call" "strSub" "str.default" "str" "<Anonymous>" "do.call" "strSub" "str.default" "str" "<Anonymous>" "do.call" "strSub" "str.default" "str" "doTryCatch" "tryCatchOne" "tryCatchList" "tryCatch" "try" "...elt" "withVisible" "capture.output" "doTryCatch" "tryCatchOne" "tryCatchList" "tryCatch" ".rs.withTimeLimit" ".rs.valueFromStr" ".rs.valueContentsImpl" "doTryCatch" "tryCatchOne" "tryCatchList" "tryCatch" ".rs.valueContents" ".rs.describeObject" 
"%in%" "modifyList" "str.default" "str" "<Anonymous>" "do.call" "strSub" "str.default" "str" "<Anonymous>" "do.call" "strSub" "str.default" "str" "<Anonymous>" "do.call" "strSub" "str.default" "str" "doTryCatch" "tryCatchOne" "tryCatchList" "tryCatch" "try" "...elt" "withVisible" "capture.output" "doTryCatch" "tryCatchOne" "tryCatchList" "tryCatch" ".rs.withTimeLimit" ".rs.valueFromStr" ".rs.valueContentsImpl" "doTryCatch" "tryCatchOne" "tryCatchList" "tryCatch" ".rs.valueContents" ".rs.describeObject" 
"%in%" "modifyList" "str.default" "str" "<Anonymous>" "do.call" "strSub" "str.default" "str" "<Anonymous>" "do.call" "strSub" "str.default" "str" "<Anonymous>" "do.call" "strSub" "str.default" "str" "doTryCatch" "tryCatchOne" "tryCatchList" "tryCatch" "try" "...elt" "withVisible" "capture.output" "doTryCatch" "tryCatchOne" "tryCatchList" "tryCatch" ".rs.withTimeLimit" ".rs.valueFromStr" ".rs.valueContentsImpl" "doTryCatch" "tryCatchOne" "tryCatchList" "tryCatch" ".rs.valueContents" ".rs.describeObject" 
"%in%" "modifyList" "str.default" "str" "<Anonymous>" "do.call" "strSub" "str.default" "str" "<Anonymous>" "do.call" "strSub" "str.default" "str" "<Anonymous>" "do.call" "strSub" "str.default" "str" "doTryCatch" "tryCatchOne" "tryCatchList" "tryCatch" "try" "...elt" "withVisible" "capture.output" "doTryCatch" "tryCatchOne" "tryCatchList" "tryCatch" ".rs.withTimeLimit" ".rs.valueFromStr" ".rs.valueContentsImpl" "doTryCatch" "tryCatchOne" "tryCatchList" "tryCatch" ".rs.valueContents" ".rs.describeObject" 
"%in%" "modifyList" "str.default" "str" "<Anonymous>" "do.call" "strSub" "str.default" "str" "<Anonymous>" "do.call" "strSub" "str.default" "str" "<Anonymous>" "do.call" "strSub" "str.default" "str" "doTryCatch" "tryCatchOne" "tryCatchList" "tryCatch" "try" "...elt" "withVisible" "capture.output" "doTryCatch" "tryCatchOne" "tryCatchList" "tryCatch" ".rs.withTimeLimit" ".rs.valueFromStr" ".rs.valueContentsImpl" "doTryCatch" "tryCatchOne" "tryCatchList" "tryCatch" ".rs.valueContents" ".rs.describeObject" 
"%in%" "modifyList" "str.default" "str" "<Anonymous>" "do.call" "strSub" "str.default" "str" "<Anonymous>" "do.call" "strSub" "str.default" "str" "<Anonymous>" "do.call" "strSub" "str.default" "str" "doTryCatch" "tryCatchOne" "tryCatchList" "tryCatch" "try" "...elt" "withVisible" "capture.output" "doTryCatch" "tryCatchOne" "tryCatchList" "tryCatch" ".rs.withTimeLimit" ".rs.valueFromStr" ".rs.valueContentsImpl" "doTryCatch" "tryCatchOne" "tryCatchList" "tryCatch" ".rs.valueContents" ".rs.describeObject" 
"%in%" "modifyList" "str.default" "str" "<Anonymous>" "do.call" "strSub" "str.default" "str" "<Anonymous>" "do.call" "strSub" "str.default" "str" "<Anonymous>" "do.call" "strSub" "str.default" "str" "doTryCatch" "tryCatchOne" "tryCatchList" "tryCatch" "try" "...elt" "withVisible" "capture.output" "doTryCatch" "tryCatchOne" "tryCatchList" "tryCatch" ".rs.withTimeLimit" ".rs.valueFromStr" ".rs.valueContentsImpl" "doTryCatch" "tryCatchOne" "tryCatchList" "tryCatch" ".rs.valueContents" ".rs.describeObject" 
"%in%" "modifyList" "str.default" "str" "<Anonymous>" "do.call" "strSub" "str.default" "str" "<Anonymous>" "do.call" "strSub" "str.default" "str" "<Anonymous>" "do.call" "strSub" "str.default" "str" "doTryCatch" "tryCatchOne" "tryCatchList" "tryCatch" "try" "...elt" "withVisible" "capture.output" "doTryCatch" "tryCatchOne" "tryCatchList" "tryCatch" ".rs.withTimeLimit" ".rs.valueFromStr" ".rs.valueContentsImpl" "doTryCatch" "tryCatchOne" "tryCatchList" "tryCatch" ".rs.valueContents" ".rs.describeObject" 
"%in%" "modifyList" "str.default" "str" "<Anonymous>" "do.call" "strSub" "str.default" "str" "<Anonymous>" "do.call" "strSub" "str.default" "str" "<Anonymous>" "do.call" "strSub" "str.default" "str" "doTryCatch" "tryCatchOne" "tryCatchList" "tryCatch" "try" "...elt" "withVisible" "capture.output" "doTryCatch" "tryCatchOne" "tryCatchList" "tryCatch" ".rs.withTimeLimit" ".rs.valueFromStr" ".rs.valueContentsImpl" "doTryCatch" "tryCatchOne" "tryCatchList" "tryCatch" ".rs.valueContents" ".rs.describeObject" 
"%in%" "modifyList" "str.default" "str" "<Anonymous>" "do.call" "strSub" "str.default" "str" "<Anonymous>" "do.call" "strSub" "str.default" "str" "<Anonymous>" "do.call" "strSub" "str.default" "str" "doTryCatch" "tryCatchOne" "tryCatchList" "tryCatch" "try" "...elt" "withVisible" "capture.output" "doTryCatch" "tryCatchOne" "tryCatchList" "tryCatch" ".rs.withTimeLimit" ".rs.valueFromStr" ".rs.valueContentsImpl" "doTryCatch" "tryCatchOne" "tryCatchList" "tryCatch" ".rs.valueContents" ".rs.describeObject" 
"nchar.w" "maybe_truncate" "str.default" "str" "<Anonymous>" "do.call" "strSub" "str.default" "str" "<Anonymous>" "do.call" "strSub" "str.default" "str" "<Anonymous>" "do.call" "strSub" "str.default" "str" "<Anonymous>" "do.call" "strSub" "str.default" "str" "doTryCatch" "tryCatchOne" "tryCatchList" "tryCatch" "try" "...elt" "withVisible" "capture.output" "doTryCatch" "tryCatchOne" "tryCatchList" "tryCatch" ".rs.withTimeLimit" ".rs.valueFromStr" ".rs.valueContentsImpl" "doTryCatch" "tryCatchOne" "tryCatchList" "tryCatch" ".rs.valueContents" ".rs.describeObject" 
"cat" "str.default" "str" "<Anonymous>" "do.call" "strSub" "str.default" "str" "<Anonymous>" "do.call" "strSub" "str.default" "str" "<Anonymous>" "do.call" "strSub" "str.default" "str" "<Anonymous>" "do.call" "strSub" "str.default" "str" "<Anonymous>" "do.call" "strSub" "str.default" "str" "doTryCatch" "tryCatchOne" "tryCatchList" "tryCatch" "try" "...elt" "withVisible" "capture.output" "doTryCatch" "tryCatchOne" "tryCatchList" "tryCatch" ".rs.withTimeLimit" ".rs.valueFromStr" ".rs.valueContentsImpl" "doTryCatch" "tryCatchOne" "tryCatchList" "tryCatch" ".rs.valueContents" ".rs.describeObject" 
"duplicated" "setdiff" "strSub" "str.default" "str" "<Anonymous>" "do.call" "strSub" "str.default" "str" "<Anonymous>" "do.call" "strSub" "str.default" "str" "<Anonymous>" "do.call" "strSub" "str.default" "str" "doTryCatch" "tryCatchOne" "tryCatchList" "tryCatch" "try" "...elt" "withVisible" "capture.output" "doTryCatch" "tryCatchOne" "tryCatchList" "tryCatch" ".rs.withTimeLimit" ".rs.valueFromStr" ".rs.valueContentsImpl" "doTryCatch" "tryCatchOne" "tryCatchList" "tryCatch" ".rs.valueContents" ".rs.describeObject" 
"stopifnot" "modifyList" "str.default" "str" "<Anonymous>" "do.call" "strSub" "str.default" "str" "<Anonymous>" "do.call" "strSub" "str.default" "str" "<Anonymous>" "do.call" "strSub" "str.default" "str" "<Anonymous>" "do.call" "strSub" "str.default" "str" "doTryCatch" "tryCatchOne" "tryCatchList" "tryCatch" "try" "...elt" "withVisible" "capture.output" "doTryCatch" "tryCatchOne" "tryCatchList" "tryCatch" ".rs.withTimeLimit" ".rs.valueFromStr" ".rs.valueContentsImpl" "doTryCatch" "tryCatchOne" "tryCatchList" "tryCatch" ".rs.valueContents" ".rs.describeObject" 
"as.list" "strSub" "str.default" "str" "<Anonymous>" "do.call" "strSub" "str.default" "str" "<Anonymous>" "do.call" "strSub" "str.default" "str" "<Anonymous>" "do.call" "strSub" "str.default" "str" "doTryCatch" "tryCatchOne" "tryCatchList" "tryCatch" "try" "...elt" "withVisible" "capture.output" "doTryCatch" "tryCatchOne" "tryCatchList" "tryCatch" ".rs.withTimeLimit" ".rs.valueFromStr" ".rs.valueContentsImpl" "doTryCatch" "tryCatchOne" "tryCatchList" "tryCatch" ".rs.valueContents" ".rs.describeObject" 
"encodeString" "str.default" "str" "<Anonymous>" "do.call" "strSub" "str.default" "str" "<Anonymous>" "do.call" "strSub" "str.default" "str" "<Anonymous>" "do.call" "strSub" "str.default" "str" "doTryCatch" "tryCatchOne" "tryCatchList" "tryCatch" "try" "...elt" "withVisible" "capture.output" "doTryCatch" "tryCatchOne" "tryCatchList" "tryCatch" ".rs.withTimeLimit" ".rs.valueFromStr" ".rs.valueContentsImpl" "doTryCatch" "tryCatchOne" "tryCatchList" "tryCatch" ".rs.valueContents" ".rs.describeObject" 
"match.call" "as.vector" "setdiff" "strSub" "str.default" "str" "<Anonymous>" "do.call" "strSub" "str.default" "str" "<Anonymous>" "do.call" "strSub" "str.default" "str" "doTryCatch" "tryCatchOne" "tryCatchList" "tryCatch" "try" "...elt" "withVisible" "capture.output" "doTryCatch" "tryCatchOne" "tryCatchList" "tryCatch" ".rs.withTimeLimit" ".rs.valueFromStr" ".rs.valueContentsImpl" "doTryCatch" "tryCatchOne" "tryCatchList" "tryCatch" ".rs.valueContents" ".rs.describeObject" 
"match.call" "as.vector" "setdiff" "strSub" "str.default" "str" "<Anonymous>" "do.call" "strSub" "str.default" "str" "<Anonymous>" "do.call" "strSub" "str.default" "str" "doTryCatch" "tryCatchOne" "tryCatchList" "tryCatch" "try" "...elt" "withVisible" "capture.output" "doTryCatch" "tryCatchOne" "tryCatchList" "tryCatch" ".rs.withTimeLimit" ".rs.valueFromStr" ".rs.valueContentsImpl" "doTryCatch" "tryCatchOne" "tryCatchList" "tryCatch" ".rs.valueContents" ".rs.describeObject" 
"match.call" "as.vector" "setdiff" "strSub" "str.default" "str" "<Anonymous>" "do.call" "strSub" "str.default" "str" "<Anonymous>" "do.call" "strSub" "str.default" "str" "doTryCatch" "tryCatchOne" "tryCatchList" "tryCatch" "try" "...elt" "withVisible" "capture.output" "doTryCatch" "tryCatchOne" "tryCatchList" "tryCatch" ".rs.withTimeLimit" ".rs.valueFromStr" ".rs.valueContentsImpl" "doTryCatch" "tryCatchOne" "tryCatchList" "tryCatch" ".rs.valueContents" ".rs.describeObject" 
"match.call" "as.vector" "setdiff" "strSub" "str.default" "str" "<Anonymous>" "do.call" "strSub" "str.default" "str" "<Anonymous>" "do.call" "strSub" "str.default" "str" "doTryCatch" "tryCatchOne" "tryCatchList" "tryCatch" "try" "...elt" "withVisible" "capture.output" "doTryCatch" "tryCatchOne" "tryCatchList" "tryCatch" ".rs.withTimeLimit" ".rs.valueFromStr" ".rs.valueContentsImpl" "doTryCatch" "tryCatchOne" "tryCatchList" "tryCatch" ".rs.valueContents" ".rs.describeObject" 
"match.call" "as.vector" "setdiff" "strSub" "str.default" "str" "<Anonymous>" "do.call" "strSub" "str.default" "str" "<Anonymous>" "do.call" "strSub" "str.default" "str" "doTryCatch" "tryCatchOne" "tryCatchList" "tryCatch" "try" "...elt" "withVisible" "capture.output" "doTryCatch" "tryCatchOne" "tryCatchList" "tryCatch" ".rs.withTimeLimit" ".rs.valueFromStr" ".rs.valueContentsImpl" "doTryCatch" "tryCatchOne" "tryCatchList" "tryCatch" ".rs.valueContents" ".rs.describeObject" 
"match.call" "as.vector" "setdiff" "strSub" "str.default" "str" "<Anonymous>" "do.call" "strSub" "str.default" "str" "<Anonymous>" "do.call" "strSub" "str.default" "str" "doTryCatch" "tryCatchOne" "tryCatchList" "tryCatch" "try" "...elt" "withVisible" "capture.output" "doTryCatch" "tryCatchOne" "tryCatchList" "tryCatch" ".rs.withTimeLimit" ".rs.valueFromStr" ".rs.valueContentsImpl" "doTryCatch" "tryCatchOne" "tryCatchList" "tryCatch" ".rs.valueContents" ".rs.describeObject" 
"match.call" "as.vector" "setdiff" "strSub" "str.default" "str" "<Anonymous>" "do.call" "strSub" "str.default" "str" "<Anonymous>" "do.call" "strSub" "str.default" "str" "doTryCatch" "tryCatchOne" "tryCatchList" "tryCatch" "try" "...elt" "withVisible" "capture.output" "doTryCatch" "tryCatchOne" "tryCatchList" "tryCatch" ".rs.withTimeLimit" ".rs.valueFromStr" ".rs.valueContentsImpl" "doTryCatch" "tryCatchOne" "tryCatchList" "tryCatch" ".rs.valueContents" ".rs.describeObject" 
"match.call" "as.vector" "setdiff" "strSub" "str.default" "str" "<Anonymous>" "do.call" "strSub" "str.default" "str" "<Anonymous>" "do.call" "strSub" "str.default" "str" "doTryCatch" "tryCatchOne" "tryCatchList" "tryCatch" "try" "...elt" "withVisible" "capture.output" "doTryCatch" "tryCatchOne" "tryCatchList" "tryCatch" ".rs.withTimeLimit" ".rs.valueFromStr" ".rs.valueContentsImpl" "doTryCatch" "tryCatchOne" "tryCatchList" "tryCatch" ".rs.valueContents" ".rs.describeObject" 
"match.call" "as.vector" "setdiff" "strSub" "str.default" "str" "<Anonymous>" "do.call" "strSub" "str.default" "str" "<Anonymous>" "do.call" "strSub" "str.default" "str" "doTryCatch" "tryCatchOne" "tryCatchList" "tryCatch" "try" "...elt" "withVisible" "capture.output" "doTryCatch" "tryCatchOne" "tryCatchList" "tryCatch" ".rs.withTimeLimit" ".rs.valueFromStr" ".rs.valueContentsImpl" "doTryCatch" "tryCatchOne" "tryCatchList" "tryCatch" ".rs.valueContents" ".rs.describeObject" 
"match.call" "as.vector" "setdiff" "strSub" "str.default" "str" "<Anonymous>" "do.call" "strSub" "str.default" "str" "<Anonymous>" "do.call" "strSub" "str.default" "str" "doTryCatch" "tryCatchOne" "tryCatchList" "tryCatch" "try" "...elt" "withVisible" "capture.output" "doTryCatch" "tryCatchOne" "tryCatchList" "tryCatch" ".rs.withTimeLimit" ".rs.valueFromStr" ".rs.valueContentsImpl" "doTryCatch" "tryCatchOne" "tryCatchList" "tryCatch" ".rs.valueContents" ".rs.describeObject" 
"match.call" "as.vector" "setdiff" "strSub" "str.default" "str" "<Anonymous>" "do.call" "strSub" "str.default" "str" "<Anonymous>" "do.call" "strSub" "str.default" "str" "doTryCatch" "tryCatchOne" "tryCatchList" "tryCatch" "try" "...elt" "withVisible" "capture.output" "doTryCatch" "tryCatchOne" "tryCatchList" "tryCatch" ".rs.withTimeLimit" ".rs.valueFromStr" ".rs.valueContentsImpl" "doTryCatch" "tryCatchOne" "tryCatchList" "tryCatch" ".rs.valueContents" ".rs.describeObject" 
"match.call" "as.vector" "setdiff" "strSub" "str.default" "str" "<Anonymous>" "do.call" "strSub" "str.default" "str" "<Anonymous>" "do.call" "strSub" "str.default" "str" "doTryCatch" "tryCatchOne" "tryCatchList" "tryCatch" "try" "...elt" "withVisible" "capture.output" "doTryCatch" "tryCatchOne" "tryCatchList" "tryCatch" ".rs.withTimeLimit" ".rs.valueFromStr" ".rs.valueContentsImpl" "doTryCatch" "tryCatchOne" "tryCatchList" "tryCatch" ".rs.valueContents" ".rs.describeObject" 
"match.call" "as.vector" "setdiff" "strSub" "str.default" "str" "<Anonymous>" "do.call" "strSub" "str.default" "str" "<Anonymous>" "do.call" "strSub" "str.default" "str" "doTryCatch" "tryCatchOne" "tryCatchList" "tryCatch" "try" "...elt" "withVisible" "capture.output" "doTryCatch" "tryCatchOne" "tryCatchList" "tryCatch" ".rs.withTimeLimit" ".rs.valueFromStr" ".rs.valueContentsImpl" "doTryCatch" "tryCatchOne" "tryCatchList" "tryCatch" ".rs.valueContents" ".rs.describeObject" 
"match.call" "as.vector" "setdiff" "strSub" "str.default" "str" "<Anonymous>" "do.call" "strSub" "str.default" "str" "<Anonymous>" "do.call" "strSub" "str.default" "str" "doTryCatch" "tryCatchOne" "tryCatchList" "tryCatch" "try" "...elt" "withVisible" "capture.output" "doTryCatch" "tryCatchOne" "tryCatchList" "tryCatch" ".rs.withTimeLimit" ".rs.valueFromStr" ".rs.valueContentsImpl" "doTryCatch" "tryCatchOne" "tryCatchList" "tryCatch" ".rs.valueContents" ".rs.describeObject" 
"match.call" "as.vector" "setdiff" "strSub" "str.default" "str" "<Anonymous>" "do.call" "strSub" "str.default" "str" "<Anonymous>" "do.call" "strSub" "str.default" "str" "doTryCatch" "tryCatchOne" "tryCatchList" "tryCatch" "try" "...elt" "withVisible" "capture.output" "doTryCatch" "tryCatchOne" "tryCatchList" "tryCatch" ".rs.withTimeLimit" ".rs.valueFromStr" ".rs.valueContentsImpl" "doTryCatch" "tryCatchOne" "tryCatchList" "tryCatch" ".rs.valueContents" ".rs.describeObject" 
"match.call" "as.vector" "setdiff" "strSub" "str.default" "str" "<Anonymous>" "do.call" "strSub" "str.default" "str" "<Anonymous>" "do.call" "strSub" "str.default" "str" "doTryCatch" "tryCatchOne" "tryCatchList" "tryCatch" "try" "...elt" "withVisible" "capture.output" "doTryCatch" "tryCatchOne" "tryCatchList" "tryCatch" ".rs.withTimeLimit" ".rs.valueFromStr" ".rs.valueContentsImpl" "doTryCatch" "tryCatchOne" "tryCatchList" "tryCatch" ".rs.valueContents" ".rs.describeObject" 
"match.call" "as.vector" "setdiff" "strSub" "str.default" "str" "<Anonymous>" "do.call" "strSub" "str.default" "str" "<Anonymous>" "do.call" "strSub" "str.default" "str" "doTryCatch" "tryCatchOne" "tryCatchList" "tryCatch" "try" "...elt" "withVisible" "capture.output" "doTryCatch" "tryCatchOne" "tryCatchList" "tryCatch" ".rs.withTimeLimit" ".rs.valueFromStr" ".rs.valueContentsImpl" "doTryCatch" "tryCatchOne" "tryCatchList" "tryCatch" ".rs.valueContents" ".rs.describeObject" 
"match.call" "as.vector" "setdiff" "strSub" "str.default" "str" "<Anonymous>" "do.call" "strSub" "str.default" "str" "<Anonymous>" "do.call" "strSub" "str.default" "str" "doTryCatch" "tryCatchOne" "tryCatchList" "tryCatch" "try" "...elt" "withVisible" "capture.output" "doTryCatch" "tryCatchOne" "tryCatchList" "tryCatch" ".rs.withTimeLimit" ".rs.valueFromStr" ".rs.valueContentsImpl" "doTryCatch" "tryCatchOne" "tryCatchList" "tryCatch" ".rs.valueContents" ".rs.describeObject" 
"match.call" "as.vector" "setdiff" "strSub" "str.default" "str" "<Anonymous>" "do.call" "strSub" "str.default" "str" "<Anonymous>" "do.call" "strSub" "str.default" "str" "doTryCatch" "tryCatchOne" "tryCatchList" "tryCatch" "try" "...elt" "withVisible" "capture.output" "doTryCatch" "tryCatchOne" "tryCatchList" "tryCatch" ".rs.withTimeLimit" ".rs.valueFromStr" ".rs.valueContentsImpl" "doTryCatch" "tryCatchOne" "tryCatchList" "tryCatch" ".rs.valueContents" ".rs.describeObject" 
"match.call" "as.vector" "setdiff" "strSub" "str.default" "str" "<Anonymous>" "do.call" "strSub" "str.default" "str" "<Anonymous>" "do.call" "strSub" "str.default" "str" "doTryCatch" "tryCatchOne" "tryCatchList" "tryCatch" "try" "...elt" "withVisible" "capture.output" "doTryCatch" "tryCatchOne" "tryCatchList" "tryCatch" ".rs.withTimeLimit" ".rs.valueFromStr" ".rs.valueContentsImpl" "doTryCatch" "tryCatchOne" "tryCatchList" "tryCatch" ".rs.valueContents" ".rs.describeObject" 
"match.call" "as.vector" "setdiff" "strSub" "str.default" "str" "<Anonymous>" "do.call" "strSub" "str.default" "str" "<Anonymous>" "do.call" "strSub" "str.default" "str" "doTryCatch" "tryCatchOne" "tryCatchList" "tryCatch" "try" "...elt" "withVisible" "capture.output" "doTryCatch" "tryCatchOne" "tryCatchList" "tryCatch" ".rs.withTimeLimit" ".rs.valueFromStr" ".rs.valueContentsImpl" "doTryCatch" "tryCatchOne" "tryCatchList" "tryCatch" ".rs.valueContents" ".rs.describeObject" 
"match.call" "as.vector" "setdiff" "strSub" "str.default" "str" "<Anonymous>" "do.call" "strSub" "str.default" "str" "<Anonymous>" "do.call" "strSub" "str.default" "str" "doTryCatch" "tryCatchOne" "tryCatchList" "tryCatch" "try" "...elt" "withVisible" "capture.output" "doTryCatch" "tryCatchOne" "tryCatchList" "tryCatch" ".rs.withTimeLimit" ".rs.valueFromStr" ".rs.valueContentsImpl" "doTryCatch" "tryCatchOne" "tryCatchList" "tryCatch" ".rs.valueContents" ".rs.describeObject" 
"match.call" "as.vector" "setdiff" "strSub" "str.default" "str" "<Anonymous>" "do.call" "strSub" "str.default" "str" "<Anonymous>" "do.call" "strSub" "str.default" "str" "doTryCatch" "tryCatchOne" "tryCatchList" "tryCatch" "try" "...elt" "withVisible" "capture.output" "doTryCatch" "tryCatchOne" "tryCatchList" "tryCatch" ".rs.withTimeLimit" ".rs.valueFromStr" ".rs.valueContentsImpl" "doTryCatch" "tryCatchOne" "tryCatchList" "tryCatch" ".rs.valueContents" ".rs.describeObject" 
"match.call" "as.vector" "setdiff" "strSub" "str.default" "str" "<Anonymous>" "do.call" "strSub" "str.default" "str" "<Anonymous>" "do.call" "strSub" "str.default" "str" "doTryCatch" "tryCatchOne" "tryCatchList" "tryCatch" "try" "...elt" "withVisible" "capture.output" "doTryCatch" "tryCatchOne" "tryCatchList" "tryCatch" ".rs.withTimeLimit" ".rs.valueFromStr" ".rs.valueContentsImpl" "doTryCatch" "tryCatchOne" "tryCatchList" "tryCatch" ".rs.valueContents" ".rs.describeObject" 
"match.call" "as.vector" "setdiff" "strSub" "str.default" "str" "<Anonymous>" "do.call" "strSub" "str.default" "str" "<Anonymous>" "do.call" "strSub" "str.default" "str" "doTryCatch" "tryCatchOne" "tryCatchList" "tryCatch" "try" "...elt" "withVisible" "capture.output" "doTryCatch" "tryCatchOne" "tryCatchList" "tryCatch" ".rs.withTimeLimit" ".rs.valueFromStr" ".rs.valueContentsImpl" "doTryCatch" "tryCatchOne" "tryCatchList" "tryCatch" ".rs.valueContents" ".rs.describeObject" 
"match.call" "as.vector" "setdiff" "strSub" "str.default" "str" "<Anonymous>" "do.call" "strSub" "str.default" "str" "<Anonymous>" "do.call" "strSub" "str.default" "str" "doTryCatch" "tryCatchOne" "tryCatchList" "tryCatch" "try" "...elt" "withVisible" "capture.output" "doTryCatch" "tryCatchOne" "tryCatchList" "tryCatch" ".rs.withTimeLimit" ".rs.valueFromStr" ".rs.valueContentsImpl" "doTryCatch" "tryCatchOne" "tryCatchList" "tryCatch" ".rs.valueContents" ".rs.describeObject" 
"match.call" "as.vector" "setdiff" "strSub" "str.default" "str" "<Anonymous>" "do.call" "strSub" "str.default" "str" "<Anonymous>" "do.call" "strSub" "str.default" "str" "doTryCatch" "tryCatchOne" "tryCatchList" "tryCatch" "try" "...elt" "withVisible" "capture.output" "doTryCatch" "tryCatchOne" "tryCatchList" "tryCatch" ".rs.withTimeLimit" ".rs.valueFromStr" ".rs.valueContentsImpl" "doTryCatch" "tryCatchOne" "tryCatchList" "tryCatch" ".rs.valueContents" ".rs.describeObject" 
"match.call" "as.vector" "setdiff" "strSub" "str.default" "str" "<Anonymous>" "do.call" "strSub" "str.default" "str" "<Anonymous>" "do.call" "strSub" "str.default" "str" "doTryCatch" "tryCatchOne" "tryCatchList" "tryCatch" "try" "...elt" "withVisible" "capture.output" "doTryCatch" "tryCatchOne" "tryCatchList" "tryCatch" ".rs.withTimeLimit" ".rs.valueFromStr" ".rs.valueContentsImpl" "doTryCatch" "tryCatchOne" "tryCatchList" "tryCatch" ".rs.valueContents" ".rs.describeObject" 
"match.call" "as.vector" "setdiff" "strSub" "str.default" "str" "<Anonymous>" "do.call" "strSub" "str.default" "str" "<Anonymous>" "do.call" "strSub" "str.default" "str" "doTryCatch" "tryCatchOne" "tryCatchList" "tryCatch" "try" "...elt" "withVisible" "capture.output" "doTryCatch" "tryCatchOne" "tryCatchList" "tryCatch" ".rs.withTimeLimit" ".rs.valueFromStr" ".rs.valueContentsImpl" "doTryCatch" "tryCatchOne" "tryCatchList" "tryCatch" ".rs.valueContents" ".rs.describeObject" 
"match.call" "as.vector" "setdiff" "strSub" "str.default" "str" "<Anonymous>" "do.call" "strSub" "str.default" "str" "<Anonymous>" "do.call" "strSub" "str.default" "str" "doTryCatch" "tryCatchOne" "tryCatchList" "tryCatch" "try" "...elt" "withVisible" "capture.output" "doTryCatch" "tryCatchOne" "tryCatchList" "tryCatch" ".rs.withTimeLimit" ".rs.valueFromStr" ".rs.valueContentsImpl" "doTryCatch" "tryCatchOne" "tryCatchList" "tryCatch" ".rs.valueContents" ".rs.describeObject" 
"match.call" "as.vector" "setdiff" "strSub" "str.default" "str" "<Anonymous>" "do.call" "strSub" "str.default" "str" "<Anonymous>" "do.call" "strSub" "str.default" "str" "doTryCatch" "tryCatchOne" "tryCatchList" "tryCatch" "try" "...elt" "withVisible" "capture.output" "doTryCatch" "tryCatchOne" "tryCatchList" "tryCatch" ".rs.withTimeLimit" ".rs.valueFromStr" ".rs.valueContentsImpl" "doTryCatch" "tryCatchOne" "tryCatchList" "tryCatch" ".rs.valueContents" ".rs.describeObject" 
"match.call" "as.vector" "setdiff" "strSub" "str.default" "str" "<Anonymous>" "do.call" "strSub" "str.default" "str" "<Anonymous>" "do.call" "strSub" "str.default" "str" "doTryCatch" "tryCatchOne" "tryCatchList" "tryCatch" "try" "...elt" "withVisible" "capture.output" "doTryCatch" "tryCatchOne" "tryCatchList" "tryCatch" ".rs.withTimeLimit" ".rs.valueFromStr" ".rs.valueContentsImpl" "doTryCatch" "tryCatchOne" "tryCatchList" "tryCatch" ".rs.valueContents" ".rs.describeObject" 
"match.call" "as.vector" "setdiff" "strSub" "str.default" "str" "<Anonymous>" "do.call" "strSub" "str.default" "str" "<Anonymous>" "do.call" "strSub" "str.default" "str" "doTryCatch" "tryCatchOne" "tryCatchList" "tryCatch" "try" "...elt" "withVisible" "capture.output" "doTryCatch" "tryCatchOne" "tryCatchList" "tryCatch" ".rs.withTimeLimit" ".rs.valueFromStr" ".rs.valueContentsImpl" "doTryCatch" "tryCatchOne" "tryCatchList" "tryCatch" ".rs.valueContents" ".rs.describeObject" 
"match.call" "as.vector" "setdiff" "strSub" "str.default" "str" "<Anonymous>" "do.call" "strSub" "str.default" "str" "<Anonymous>" "do.call" "strSub" "str.default" "str" "doTryCatch" "tryCatchOne" "tryCatchList" "tryCatch" "try" "...elt" "withVisible" "capture.output" "doTryCatch" "tryCatchOne" "tryCatchList" "tryCatch" ".rs.withTimeLimit" ".rs.valueFromStr" ".rs.valueContentsImpl" "doTryCatch" "tryCatchOne" "tryCatchList" "tryCatch" ".rs.valueContents" ".rs.describeObject" 
"match.call" "as.vector" "setdiff" "strSub" "str.default" "str" "<Anonymous>" "do.call" "strSub" "str.default" "str" "<Anonymous>" "do.call" "strSub" "str.default" "str" "doTryCatch" "tryCatchOne" "tryCatchList" "tryCatch" "try" "...elt" "withVisible" "capture.output" "doTryCatch" "tryCatchOne" "tryCatchList" "tryCatch" ".rs.withTimeLimit" ".rs.valueFromStr" ".rs.valueContentsImpl" "doTryCatch" "tryCatchOne" "tryCatchList" "tryCatch" ".rs.valueContents" ".rs.describeObject" 
"match.call" "as.vector" "setdiff" "strSub" "str.default" "str" "<Anonymous>" "do.call" "strSub" "str.default" "str" "<Anonymous>" "do.call" "strSub" "str.default" "str" "doTryCatch" "tryCatchOne" "tryCatchList" "tryCatch" "try" "...elt" "withVisible" "capture.output" "doTryCatch" "tryCatchOne" "tryCatchList" "tryCatch" ".rs.withTimeLimit" ".rs.valueFromStr" ".rs.valueContentsImpl" "doTryCatch" "tryCatchOne" "tryCatchList" "tryCatch" ".rs.valueContents" ".rs.describeObject" 
"match.call" "as.vector" "setdiff" "strSub" "str.default" "str" "<Anonymous>" "do.call" "strSub" "str.default" "str" "<Anonymous>" "do.call" "strSub" "str.default" "str" "doTryCatch" "tryCatchOne" "tryCatchList" "tryCatch" "try" "...elt" "withVisible" "capture.output" "doTryCatch" "tryCatchOne" "tryCatchList" "tryCatch" ".rs.withTimeLimit" ".rs.valueFromStr" ".rs.valueContentsImpl" "doTryCatch" "tryCatchOne" "tryCatchList" "tryCatch" ".rs.valueContents" ".rs.describeObject" 
"match.call" "as.vector" "setdiff" "strSub" "str.default" "str" "<Anonymous>" "do.call" "strSub" "str.default" "str" "<Anonymous>" "do.call" "strSub" "str.default" "str" "doTryCatch" "tryCatchOne" "tryCatchList" "tryCatch" "try" "...elt" "withVisible" "capture.output" "doTryCatch" "tryCatchOne" "tryCatchList" "tryCatch" ".rs.withTimeLimit" ".rs.valueFromStr" ".rs.valueContentsImpl" "doTryCatch" "tryCatchOne" "tryCatchList" "tryCatch" ".rs.valueContents" ".rs.describeObject" 
"match.call" "as.vector" "setdiff" "strSub" "str.default" "str" "<Anonymous>" "do.call" "strSub" "str.default" "str" "<Anonymous>" "do.call" "strSub" "str.default" "str" "doTryCatch" "tryCatchOne" "tryCatchList" "tryCatch" "try" "...elt" "withVisible" "capture.output" "doTryCatch" "tryCatchOne" "tryCatchList" "tryCatch" ".rs.withTimeLimit" ".rs.valueFromStr" ".rs.valueContentsImpl" "doTryCatch" "tryCatchOne" "tryCatchList" "tryCatch" ".rs.valueContents" ".rs.describeObject" 
"match.call" "as.vector" "setdiff" "strSub" "str.default" "str" "<Anonymous>" "do.call" "strSub" "str.default" "str" "<Anonymous>" "do.call" "strSub" "str.default" "str" "doTryCatch" "tryCatchOne" "tryCatchList" "tryCatch" "try" "...elt" "withVisible" "capture.output" "doTryCatch" "tryCatchOne" "tryCatchList" "tryCatch" ".rs.withTimeLimit" ".rs.valueFromStr" ".rs.valueContentsImpl" "doTryCatch" "tryCatchOne" "tryCatchList" "tryCatch" ".rs.valueContents" ".rs.describeObject" 
"match.call" "as.vector" "setdiff" "strSub" "str.default" "str" "<Anonymous>" "do.call" "strSub" "str.default" "str" "<Anonymous>" "do.call" "strSub" "str.default" "str" "doTryCatch" "tryCatchOne" "tryCatchList" "tryCatch" "try" "...elt" "withVisible" "capture.output" "doTryCatch" "tryCatchOne" "tryCatchList" "tryCatch" ".rs.withTimeLimit" ".rs.valueFromStr" ".rs.valueContentsImpl" "doTryCatch" "tryCatchOne" "tryCatchList" "tryCatch" ".rs.valueContents" ".rs.describeObject" 
"match.call" "as.vector" "setdiff" "strSub" "str.default" "str" "<Anonymous>" "do.call" "strSub" "str.default" "str" "<Anonymous>" "do.call" "strSub" "str.default" "str" "doTryCatch" "tryCatchOne" "tryCatchList" "tryCatch" "try" "...elt" "withVisible" "capture.output" "doTryCatch" "tryCatchOne" "tryCatchList" "tryCatch" ".rs.withTimeLimit" ".rs.valueFromStr" ".rs.valueContentsImpl" "doTryCatch" "tryCatchOne" "tryCatchList" "tryCatch" ".rs.valueContents" ".rs.describeObject" 
"match.call" "as.vector" "setdiff" "strSub" "str.default" "str" "<Anonymous>" "do.call" "strSub" "str.default" "str" "<Anonymous>" "do.call" "strSub" "str.default" "str" "doTryCatch" "tryCatchOne" "tryCatchList" "tryCatch" "try" "...elt" "withVisible" "capture.output" "doTryCatch" "tryCatchOne" "tryCatchList" "tryCatch" ".rs.withTimeLimit" ".rs.valueFromStr" ".rs.valueContentsImpl" "doTryCatch" "tryCatchOne" "tryCatchList" "tryCatch" ".rs.valueContents" ".rs.describeObject" 
"match.call" "as.vector" "setdiff" "strSub" "str.default" "str" "<Anonymous>" "do.call" "strSub" "str.default" "str" "<Anonymous>" "do.call" "strSub" "str.default" "str" "doTryCatch" "tryCatchOne" "tryCatchList" "tryCatch" "try" "...elt" "withVisible" "capture.output" "doTryCatch" "tryCatchOne" "tryCatchList" "tryCatch" ".rs.withTimeLimit" ".rs.valueFromStr" ".rs.valueContentsImpl" "doTryCatch" "tryCatchOne" "tryCatchList" "tryCatch" ".rs.valueContents" ".rs.describeObject" 
"match.call" "as.vector" "setdiff" "strSub" "str.default" "str" "<Anonymous>" "do.call" "strSub" "str.default" "str" "<Anonymous>" "do.call" "strSub" "str.default" "str" "doTryCatch" "tryCatchOne" "tryCatchList" "tryCatch" "try" "...elt" "withVisible" "capture.output" "doTryCatch" "tryCatchOne" "tryCatchList" "tryCatch" ".rs.withTimeLimit" ".rs.valueFromStr" ".rs.valueContentsImpl" "doTryCatch" "tryCatchOne" "tryCatchList" "tryCatch" ".rs.valueContents" ".rs.describeObject" 
"match.call" "as.vector" "setdiff" "strSub" "str.default" "str" "<Anonymous>" "do.call" "strSub" "str.default" "str" "<Anonymous>" "do.call" "strSub" "str.default" "str" "doTryCatch" "tryCatchOne" "tryCatchList" "tryCatch" "try" "...elt" "withVisible" "capture.output" "doTryCatch" "tryCatchOne" "tryCatchList" "tryCatch" ".rs.withTimeLimit" ".rs.valueFromStr" ".rs.valueContentsImpl" "doTryCatch" "tryCatchOne" "tryCatchList" "tryCatch" ".rs.valueContents" ".rs.describeObject" 
"match.call" "as.vector" "setdiff" "strSub" "str.default" "str" "<Anonymous>" "do.call" "strSub" "str.default" "str" "<Anonymous>" "do.call" "strSub" "str.default" "str" "doTryCatch" "tryCatchOne" "tryCatchList" "tryCatch" "try" "...elt" "withVisible" "capture.output" "doTryCatch" "tryCatchOne" "tryCatchList" "tryCatch" ".rs.withTimeLimit" ".rs.valueFromStr" ".rs.valueContentsImpl" "doTryCatch" "tryCatchOne" "tryCatchList" "tryCatch" ".rs.valueContents" ".rs.describeObject" 
"match.call" "as.vector" "setdiff" "strSub" "str.default" "str" "<Anonymous>" "do.call" "strSub" "str.default" "str" "<Anonymous>" "do.call" "strSub" "str.default" "str" "doTryCatch" "tryCatchOne" "tryCatchList" "tryCatch" "try" "...elt" "withVisible" "capture.output" "doTryCatch" "tryCatchOne" "tryCatchList" "tryCatch" ".rs.withTimeLimit" ".rs.valueFromStr" ".rs.valueContentsImpl" "doTryCatch" "tryCatchOne" "tryCatchList" "tryCatch" ".rs.valueContents" ".rs.describeObject" 
"match.call" "as.vector" "setdiff" "strSub" "str.default" "str" "<Anonymous>" "do.call" "strSub" "str.default" "str" "<Anonymous>" "do.call" "strSub" "str.default" "str" "doTryCatch" "tryCatchOne" "tryCatchList" "tryCatch" "try" "...elt" "withVisible" "capture.output" "doTryCatch" "tryCatchOne" "tryCatchList" "tryCatch" ".rs.withTimeLimit" ".rs.valueFromStr" ".rs.valueContentsImpl" "doTryCatch" "tryCatchOne" "tryCatchList" "tryCatch" ".rs.valueContents" ".rs.describeObject" 
"str" "<Anonymous>" "do.call" "strSub" "str.default" "NextMethod" "str.data.frame" "str" "doTryCatch" "tryCatchOne" "tryCatchList" "tryCatch" "try" "...elt" "withVisible" "capture.output" "doTryCatch" "tryCatchOne" "tryCatchList" "tryCatch" ".rs.withTimeLimit" ".rs.valueFromStr" ".rs.valueContentsImpl" "doTryCatch" "tryCatchOne" "tryCatchList" "tryCatch" ".rs.valueContents" ".rs.describeObject" 
"sub" ".rmpkg" "getPackageName" "isTRUE" "getClassDef" "is" ".rs.valueDescriptionImpl" "doTryCatch" "tryCatchOne" "tryCatchList" "tryCatch" ".rs.valueDescription" ".rs.describeObject" 
"stopifnot" "modifyList" "str.default" "str" "<Anonymous>" "do.call" "strSub" "str.default" "str" "<Anonymous>" "do.call" "strSub" "str.default" "str" "<Anonymous>" "do.call" "strSub" "str.default" "str" "<Anonymous>" "do.call" "strSub" "str.default" "str" "doTryCatch" "tryCatchOne" "tryCatchList" "tryCatch" "try" "...elt" "withVisible" "capture.output" "doTryCatch" "tryCatchOne" "tryCatchList" "tryCatch" ".rs.withTimeLimit" ".rs.valueFromStr" ".rs.valueContentsImpl" "doTryCatch" "tryCatchOne" "tryCatchList" "tryCatch" ".rs.valueContents" ".rs.describeObject" 
"cat" "str.default" "str" "<Anonymous>" "do.call" "strSub" "str.default" "str" "<Anonymous>" "do.call" "strSub" "str.default" "str" "doTryCatch" "tryCatchOne" "tryCatchList" "tryCatch" "try" "...elt" "withVisible" "capture.output" "doTryCatch" "tryCatchOne" "tryCatchList" "tryCatch" ".rs.withTimeLimit" ".rs.valueFromStr" ".rs.valueContentsImpl" "doTryCatch" "tryCatchOne" "tryCatchList" "tryCatch" ".rs.valueContents" ".rs.describeObject" 
"cat" "str.default" "str" "<Anonymous>" "do.call" "strSub" "str.default" "str" "<Anonymous>" "do.call" "strSub" "str.default" "str" "<Anonymous>" "do.call" "strSub" "str.default" "str" "doTryCatch" "tryCatchOne" "tryCatchList" "tryCatch" "try" "...elt" "withVisible" "capture.output" "doTryCatch" "tryCatchOne" "tryCatchList" "tryCatch" ".rs.withTimeLimit" ".rs.valueFromStr" ".rs.valueContentsImpl" "doTryCatch" "tryCatchOne" "tryCatchList" "tryCatch" ".rs.valueContents" ".rs.describeObject" 
"load" 
"load" 
"load" 
"load" 
"load" 
"load" 
"load" 
"load" 
"load" 
"load" 
"load" 
"load" 
"load" 
"load" 
"load" 
"load" 
"load" 
"load" 
"load" 
"load" 
"load" 
"load" 
"load" 
"load" 
"load" 
"load" 
"load" 
"load" 
"load" 
"load" 
"load" 
"load" 
"load" 
"load" 
"load" 
"load" 
"load" 
"load" 
"load" 
"load" 
"load" 
"load" 
"load" 
"load" 
"load" 
"load" 
"load" 
"load" 
"load" 
"load" 
"load" 
"load" 
"load" 
"load" 
"load" 
"load" 
"load" 
"load" 
"load" 
"load" 
"load" 
"load" 
"load" 
"load" 
"load" 
"load" 
"load" 
"load" 
"load" 
"load" 
"load" 
"load" 
"load" 
"load" 
"load" 
"load" 
"load" 
"load" 
"load" 
"load" 
"load" 
"load" 
"load" 
"load" 
"load" 
"load" 
"load" 
"load" 
"load" 
"load" 
"load" 
"load" 
"load" 
"load" 
"load" 
"load" 
"load" 
"load" 
"load" 
"load" 
"load" 
"load" 
"load" 
"load" 
"load" 
"load" 
"load" 
"load" 
"load" 
"load" 
"load" 
"load" 
"load" 
"structure" "object.size" ".rs.describeObject" 
"structure" "object.size" ".rs.describeObject" 
"str.default" "str" "<Anonymous>" "do.call" "strSub" "str.default" "str" "doTryCatch" "tryCatchOne" "tryCatchList" "tryCatch" "try" "...elt" "withVisible" "capture.output" "doTryCatch" "tryCatchOne" "tryCatchList" "tryCatch" ".rs.withTimeLimit" ".rs.valueFromStr" ".rs.valueDescriptionImpl" "doTryCatch" "tryCatchOne" "tryCatchList" "tryCatch" ".rs.valueDescription" ".rs.describeObject" 
"as.list" "strSub" "str.default" "str" "<Anonymous>" "do.call" "strSub" "str.default" "str" "<Anonymous>" "do.call" "strSub" "str.default" "str" "<Anonymous>" "do.call" "strSub" "str.default" "str" "doTryCatch" "tryCatchOne" "tryCatchList" "tryCatch" "try" "...elt" "withVisible" "capture.output" "doTryCatch" "tryCatchOne" "tryCatchList" "tryCatch" ".rs.withTimeLimit" ".rs.valueFromStr" ".rs.valueContentsImpl" "doTryCatch" "tryCatchOne" "tryCatchList" "tryCatch" ".rs.valueContents" ".rs.describeObject" 
"strtrim" "doTryCatch" "tryCatchOne" "tryCatchList" "tryCatch" "str.default" "str" "<Anonymous>" "do.call" "strSub" "str.default" "str" "<Anonymous>" "do.call" "strSub" "str.default" "str" "<Anonymous>" "do.call" "strSub" "str.default" "str" "<Anonymous>" "do.call" "strSub" "str.default" "str" "doTryCatch" "tryCatchOne" "tryCatchList" "tryCatch" "try" "...elt" "withVisible" "capture.output" "doTryCatch" "tryCatchOne" "tryCatchList" "tryCatch" ".rs.withTimeLimit" ".rs.valueFromStr" ".rs.valueContentsImpl" "doTryCatch" "tryCatchOne" "tryCatchList" "tryCatch" ".rs.valueContents" ".rs.describeObject" 
"cat" "str.default" "str" "<Anonymous>" "do.call" "strSub" "str.default" "str" "<Anonymous>" "do.call" "strSub" "str.default" "str" "<Anonymous>" "do.call" "strSub" "str.default" "str" "doTryCatch" "tryCatchOne" "tryCatchList" "tryCatch" "try" "...elt" "withVisible" "capture.output" "doTryCatch" "tryCatchOne" "tryCatchList" "tryCatch" ".rs.withTimeLimit" ".rs.valueFromStr" ".rs.valueContentsImpl" "doTryCatch" "tryCatchOne" "tryCatchList" "tryCatch" ".rs.valueContents" ".rs.describeObject" 
"as.name" "eval" "FUN" "lapply" "strSub" "str.default" "str" "<Anonymous>" "do.call" "strSub" "str.default" "str" "<Anonymous>" "do.call" "strSub" "str.default" "str" "doTryCatch" "tryCatchOne" "tryCatchList" "tryCatch" "try" "...elt" "withVisible" "capture.output" "doTryCatch" "tryCatchOne" "tryCatchList" "tryCatch" ".rs.withTimeLimit" ".rs.valueFromStr" ".rs.valueContentsImpl" "doTryCatch" "tryCatchOne" "tryCatchList" "tryCatch" ".rs.valueContents" ".rs.describeObject" 
"%in%" "str.default" "str" "<Anonymous>" "do.call" "strSub" "str.default" "str" "<Anonymous>" "do.call" "strSub" "str.default" "str" "<Anonymous>" "do.call" "strSub" "str.default" "str" "doTryCatch" "tryCatchOne" "tryCatchList" "tryCatch" "try" "...elt" "withVisible" "capture.output" "doTryCatch" "tryCatchOne" "tryCatchList" "tryCatch" ".rs.withTimeLimit" ".rs.valueFromStr" ".rs.valueContentsImpl" "doTryCatch" "tryCatchOne" "tryCatchList" "tryCatch" ".rs.valueContents" ".rs.describeObject" 
"setdiff" "strSub" "str.default" "str" "<Anonymous>" "do.call" "strSub" "str.default" "str" "<Anonymous>" "do.call" "strSub" "str.default" "str" "<Anonymous>" "do.call" "strSub" "str.default" "str" "doTryCatch" "tryCatchOne" "tryCatchList" "tryCatch" "try" "...elt" "withVisible" "capture.output" "doTryCatch" "tryCatchOne" "tryCatchList" "tryCatch" ".rs.withTimeLimit" ".rs.valueFromStr" ".rs.valueContentsImpl" "doTryCatch" "tryCatchOne" "tryCatchList" "tryCatch" ".rs.valueContents" ".rs.describeObject" 
"stats::is.ts" "str.default" "str" "<Anonymous>" "do.call" "strSub" "str.default" "str" "<Anonymous>" "do.call" "strSub" "str.default" "str" "<Anonymous>" "do.call" "strSub" "str.default" "str" "doTryCatch" "tryCatchOne" "tryCatchList" "tryCatch" "try" "...elt" "withVisible" "capture.output" "doTryCatch" "tryCatchOne" "tryCatchList" "tryCatch" ".rs.withTimeLimit" ".rs.valueFromStr" ".rs.valueContentsImpl" "doTryCatch" "tryCatchOne" "tryCatchList" "tryCatch" ".rs.valueContents" ".rs.describeObject" 
"lapply" "do.call" "strSub" "str.default" "str" "<Anonymous>" "do.call" "strSub" "str.default" "str" "<Anonymous>" "do.call" "strSub" "str.default" "str" "<Anonymous>" "do.call" "strSub" "str.default" "str" "<Anonymous>" "do.call" "strSub" "str.default" "str" "doTryCatch" "tryCatchOne" "tryCatchList" "tryCatch" "try" "...elt" "withVisible" "capture.output" "doTryCatch" "tryCatchOne" "tryCatchList" "tryCatch" ".rs.withTimeLimit" ".rs.valueFromStr" ".rs.valueContentsImpl" "doTryCatch" "tryCatchOne" "tryCatchList" "tryCatch" ".rs.valueContents" ".rs.describeObject" 
"is.list" "eval" "FUN" "lapply" "strSub" "str.default" "str" "<Anonymous>" "do.call" "strSub" "str.default" "str" "<Anonymous>" "do.call" "strSub" "str.default" "str" "doTryCatch" "tryCatchOne" "tryCatchList" "tryCatch" "try" "...elt" "withVisible" "capture.output" "doTryCatch" "tryCatchOne" "tryCatchList" "tryCatch" ".rs.withTimeLimit" ".rs.valueFromStr" ".rs.valueContentsImpl" "doTryCatch" "tryCatchOne" "tryCatchList" "tryCatch" ".rs.valueContents" ".rs.describeObject" 
"str.default" "str" "<Anonymous>" "do.call" "strSub" "str.default" "str" "<Anonymous>" "do.call" "strSub" "str.default" "str" "<Anonymous>" "do.call" "strSub" "str.default" "str" "doTryCatch" "tryCatchOne" "tryCatchList" "tryCatch" "try" "...elt" "withVisible" "capture.output" "doTryCatch" "tryCatchOne" "tryCatchList" "tryCatch" ".rs.withTimeLimit" ".rs.valueFromStr" ".rs.valueContentsImpl" "doTryCatch" "tryCatchOne" "tryCatchList" "tryCatch" ".rs.valueContents" ".rs.describeObject" 
"str.default" "str" "<Anonymous>" "do.call" "strSub" "str.default" "str" "<Anonymous>" "do.call" "strSub" "str.default" "str" "<Anonymous>" "do.call" "strSub" "str.default" "str" "doTryCatch" "tryCatchOne" "tryCatchList" "tryCatch" "try" "...elt" "withVisible" "capture.output" "doTryCatch" "tryCatchOne" "tryCatchList" "tryCatch" ".rs.withTimeLimit" ".rs.valueFromStr" ".rs.valueContentsImpl" "doTryCatch" "tryCatchOne" "tryCatchList" "tryCatch" ".rs.valueContents" ".rs.describeObject" 
"lapply" "strSub" "str.default" "str" "<Anonymous>" "do.call" "strSub" "str.default" "str" "<Anonymous>" "do.call" "strSub" "str.default" "str" "<Anonymous>" "do.call" "strSub" "str.default" "str" "doTryCatch" "tryCatchOne" "tryCatchList" "tryCatch" "try" "...elt" "withVisible" "capture.output" "doTryCatch" "tryCatchOne" "tryCatchList" "tryCatch" ".rs.withTimeLimit" ".rs.valueFromStr" ".rs.valueContentsImpl" "doTryCatch" "tryCatchOne" "tryCatchList" "tryCatch" ".rs.valueContents" ".rs.describeObject" 
"as.list" "strSub" "str.default" "str" "<Anonymous>" "do.call" "strSub" "str.default" "str" "<Anonymous>" "do.call" "strSub" "str.default" "str" "doTryCatch" "tryCatchOne" "tryCatchList" "tryCatch" "try" "...elt" "withVisible" "capture.output" "doTryCatch" "tryCatchOne" "tryCatchList" "tryCatch" ".rs.withTimeLimit" ".rs.valueFromStr" ".rs.valueContentsImpl" "doTryCatch" "tryCatchOne" "tryCatchList" "tryCatch" ".rs.valueContents" ".rs.describeObject" 
"FUN" "lapply" "do.call" "strSub" "str.default" "str" "<Anonymous>" "do.call" "strSub" "str.default" "str" "<Anonymous>" "do.call" "strSub" "str.default" "str" "<Anonymous>" "do.call" "strSub" "str.default" "str" "doTryCatch" "tryCatchOne" "tryCatchList" "tryCatch" "try" "...elt" "withVisible" "capture.output" "doTryCatch" "tryCatchOne" "tryCatchList" "tryCatch" ".rs.withTimeLimit" ".rs.valueFromStr" ".rs.valueContentsImpl" "doTryCatch" "tryCatchOne" "tryCatchList" "tryCatch" ".rs.valueContents" ".rs.describeObject" 
"paste" "paste0" "str.default" "str" "<Anonymous>" "do.call" "strSub" "str.default" "str" "<Anonymous>" "do.call" "strSub" "str.default" "str" "<Anonymous>" "do.call" "strSub" "str.default" "str" "doTryCatch" "tryCatchOne" "tryCatchList" "tryCatch" "try" "...elt" "withVisible" "capture.output" "doTryCatch" "tryCatchOne" "tryCatchList" "tryCatch" ".rs.withTimeLimit" ".rs.valueFromStr" ".rs.valueContentsImpl" "doTryCatch" "tryCatchOne" "tryCatchList" "tryCatch" ".rs.valueContents" ".rs.describeObject" 
"cat" "str.default" "str" "<Anonymous>" "do.call" "strSub" "str.default" "NextMethod" "str.data.frame" "str" "doTryCatch" "tryCatchOne" "tryCatchList" "tryCatch" "try" "...elt" "withVisible" "capture.output" "doTryCatch" "tryCatchOne" "tryCatchList" "tryCatch" ".rs.withTimeLimit" ".rs.valueFromStr" ".rs.valueContentsImpl" "doTryCatch" "tryCatchOne" "tryCatchList" "tryCatch" ".rs.valueContents" ".rs.describeObject" 
"prettyNum" "format.default" "format" "format.fun" "paste" "nchar.w" "maybe_truncate" "formObj" "cat" "str.default" "str" "<Anonymous>" "do.call" "strSub" "str.default" "str" "<Anonymous>" "do.call" "strSub" "str.default" "str" "<Anonymous>" "do.call" "strSub" "str.default" "str" "doTryCatch" "tryCatchOne" "tryCatchList" "tryCatch" "try" "...elt" "withVisible" "capture.output" "doTryCatch" "tryCatchOne" "tryCatchList" "tryCatch" ".rs.withTimeLimit" ".rs.valueFromStr" ".rs.valueContentsImpl" "doTryCatch" "tryCatchOne" "tryCatchList" "tryCatch" ".rs.valueContents" ".rs.describeObject" 
"match.arg" "str.default" "str" "<Anonymous>" "do.call" "strSub" "str.default" "str" "<Anonymous>" "do.call" "strSub" "str.default" "str" "<Anonymous>" "do.call" "strSub" "str.default" "str" "<Anonymous>" "do.call" "strSub" "str.default" "str" "doTryCatch" "tryCatchOne" "tryCatchList" "tryCatch" "try" "...elt" "withVisible" "capture.output" "doTryCatch" "tryCatchOne" "tryCatchList" "tryCatch" ".rs.withTimeLimit" ".rs.valueFromStr" ".rs.valueContentsImpl" "doTryCatch" "tryCatchOne" "tryCatchList" "tryCatch" ".rs.valueContents" ".rs.describeObject" 
"encodeString" "str.default" "str" "<Anonymous>" "do.call" "strSub" "str.default" "str" "<Anonymous>" "do.call" "strSub" "str.default" "str" "<Anonymous>" "do.call" "strSub" "str.default" "str" "doTryCatch" "tryCatchOne" "tryCatchList" "tryCatch" "try" "...elt" "withVisible" "capture.output" "doTryCatch" "tryCatchOne" "tryCatchList" "tryCatch" ".rs.withTimeLimit" ".rs.valueFromStr" ".rs.valueContentsImpl" "doTryCatch" "tryCatchOne" "tryCatchList" "tryCatch" ".rs.valueContents" ".rs.describeObject" 
"FUN" "lapply" "strSub" "str.default" "str" "<Anonymous>" "do.call" "strSub" "str.default" "str" "<Anonymous>" "do.call" "strSub" "str.default" "str" "<Anonymous>" "do.call" "strSub" "str.default" "str" "doTryCatch" "tryCatchOne" "tryCatchList" "tryCatch" "try" "...elt" "withVisible" "capture.output" "doTryCatch" "tryCatchOne" "tryCatchList" "tryCatch" ".rs.withTimeLimit" ".rs.valueFromStr" ".rs.valueContentsImpl" "doTryCatch" "tryCatchOne" "tryCatchList" "tryCatch" ".rs.valueContents" ".rs.describeObject" 
"saveRDS" ".rs.onAvailablePackagesStale" ".rs.availablePackages" ".rs.rpc.discover_package_dependencies" 
".Call" ".rs.runAsyncRProcess" ".rs.onAvailablePackagesStale" ".rs.availablePackages" ".rs.rpc.discover_package_dependencies" 
"readRDS" "withCallingHandlers" "doTryCatch" "tryCatchOne" "tryCatchList" "tryCatch" ".rs.tryCatch" ".rs.onAvailablePackagesReady" "<Anonymous>" 
"readRDS" "withCallingHandlers" "doTryCatch" "tryCatchOne" "tryCatchList" "tryCatch" ".rs.tryCatch" ".rs.onAvailablePackagesReady" "<Anonymous>" 
"readRDS" "withCallingHandlers" "doTryCatch" "tryCatchOne" "tryCatchList" "tryCatch" ".rs.tryCatch" ".rs.onAvailablePackagesReady" "<Anonymous>" 
"readRDS" "withCallingHandlers" "doTryCatch" "tryCatchOne" "tryCatchList" "tryCatch" ".rs.tryCatch" ".rs.onAvailablePackagesReady" "<Anonymous>" 
".Call" ".rs.enqueClientEvent" "<Anonymous>" 
".Call" ".rs.enqueClientEvent" "<Anonymous>" 
"parse" "withCallingHandlers" "doTryCatch" "tryCatchOne" "tryCatchList" "tryCatch" ".rs.tryCatch" ".rs.parsePackageDependencies" ".rs.discoverPackageDependencies" ".rs.rpc.discover_package_dependencies" 
"handleRequireNamespaceCall" "fn" ".rs.recursiveWalk" ".rs.recursiveWalk" ".rs.recursiveWalk" ".rs.recursiveWalk" ".rs.recursiveWalk" ".rs.recursiveWalk" ".rs.recursiveWalk" ".rs.recursiveWalk" ".rs.recursiveWalk" ".rs.parsePackageDependencies" ".rs.discoverPackageDependencies" ".rs.rpc.discover_package_dependencies" 
"handleLibraryRequireCall" "fn" ".rs.recursiveWalk" ".rs.recursiveWalk" ".rs.recursiveWalk" ".rs.recursiveWalk" ".rs.recursiveWalk" ".rs.recursiveWalk" ".rs.recursiveWalk" ".rs.recursiveWalk" ".rs.parsePackageDependencies" ".rs.discoverPackageDependencies" ".rs.rpc.discover_package_dependencies" 
".rs.recursiveWalk" ".rs.recursiveWalk" ".rs.recursiveWalk" ".rs.recursiveWalk" ".rs.recursiveWalk" ".rs.recursiveWalk" ".rs.parsePackageDependencies" ".rs.discoverPackageDependencies" ".rs.rpc.discover_package_dependencies" 
"handleColonCall" "fn" ".rs.recursiveWalk" ".rs.recursiveWalk" ".rs.recursiveWalk" ".rs.recursiveWalk" ".rs.recursiveWalk" ".rs.recursiveWalk" ".rs.recursiveWalk" ".rs.recursiveWalk" ".rs.recursiveWalk" ".rs.parsePackageDependencies" ".rs.discoverPackageDependencies" ".rs.rpc.discover_package_dependencies" 
"list.files" ".rs.discoverPackageDependencies" ".rs.rpc.discover_package_dependencies" 
"%in%" "deparse" "mode" "%in%" "deparse" "value[[3]]" "tryCatchOne" "tryCatchList" "tryCatch" "base::try" "withCallingHandlers" "base::suppressWarnings" 
"tryCatch" "base::try" "withCallingHandlers" "base::suppressWarnings" 
"doTryCatch" "tryCatchOne" "tryCatchList" "tryCatch" "base::try" "withCallingHandlers" "base::suppressWarnings" 
"value[[3]]" "tryCatchOne" "tryCatchList" "tryCatch" "base::try" "withCallingHandlers" "base::suppressWarnings" 
"withCallingHandlers" "base::suppressWarnings" 
"%in%" "deparse" "mode" "%in%" "deparse" "mode" "%in%" "deparse" "value[[3]]" "tryCatchOne" "tryCatchList" "tryCatch" "base::try" "withCallingHandlers" "base::suppressWarnings" 
"tryCatchOne" "tryCatchList" "tryCatch" "base::try" "withCallingHandlers" "base::suppressWarnings" 
"doTryCatch" "tryCatchOne" "tryCatchList" "tryCatch" "base::try" "withCallingHandlers" "base::suppressWarnings" 
"tryCatch" "base::try" "withCallingHandlers" "base::suppressWarnings" 
".rs.rpc.get_completions" 
".rs.rpc.get_completions" 
"ls" "FUN" "lapply" ".rs.objectsOnSearchPath" ".rs.getCompletionsSearchPath" "Reduce" ".rs.rpc.get_completions" 
"ls" "FUN" "lapply" ".rs.objectsOnSearchPath" ".rs.getCompletionsSearchPath" "Reduce" ".rs.rpc.get_completions" 
"ls" "FUN" "lapply" ".rs.objectsOnSearchPath" ".rs.getCompletionsSearchPath" "Reduce" ".rs.rpc.get_completions" 
"ls" "FUN" "lapply" ".rs.objectsOnSearchPath" ".rs.getCompletionsSearchPath" "Reduce" ".rs.rpc.get_completions" 
"ls" "FUN" "lapply" ".rs.objectsOnSearchPath" ".rs.getCompletionsSearchPath" "Reduce" ".rs.rpc.get_completions" 
"ls" "FUN" "lapply" ".rs.objectsOnSearchPath" ".rs.getCompletionsSearchPath" "Reduce" ".rs.rpc.get_completions" 
"ls" "FUN" "lapply" ".rs.objectsOnSearchPath" ".rs.getCompletionsSearchPath" "Reduce" ".rs.rpc.get_completions" 
"ls" "FUN" "lapply" ".rs.objectsOnSearchPath" ".rs.getCompletionsSearchPath" "Reduce" ".rs.rpc.get_completions" 
"ls" "FUN" "lapply" ".rs.objectsOnSearchPath" ".rs.getCompletionsSearchPath" "Reduce" ".rs.rpc.get_completions" 
"ls" "FUN" "lapply" ".rs.objectsOnSearchPath" ".rs.getCompletionsSearchPath" "Reduce" ".rs.rpc.get_completions" 
"ls" "FUN" "lapply" ".rs.objectsOnSearchPath" ".rs.getCompletionsSearchPath" "Reduce" ".rs.rpc.get_completions" 
"ls" "FUN" "lapply" ".rs.objectsOnSearchPath" ".rs.getCompletionsSearchPath" "Reduce" ".rs.rpc.get_completions" 
"ls" "FUN" "lapply" ".rs.objectsOnSearchPath" ".rs.getCompletionsSearchPath" "Reduce" ".rs.rpc.get_completions" 
"ls" "FUN" "lapply" ".rs.objectsOnSearchPath" ".rs.getCompletionsSearchPath" "Reduce" ".rs.rpc.get_completions" 
"ls" "FUN" "lapply" ".rs.objectsOnSearchPath" ".rs.getCompletionsSearchPath" "Reduce" ".rs.rpc.get_completions" 
"ls" "FUN" "lapply" ".rs.objectsOnSearchPath" ".rs.getCompletionsSearchPath" "Reduce" ".rs.rpc.get_completions" 
"ls" "FUN" "lapply" ".rs.objectsOnSearchPath" ".rs.getCompletionsSearchPath" "Reduce" ".rs.rpc.get_completions" 
"ls" "FUN" "lapply" ".rs.objectsOnSearchPath" ".rs.getCompletionsSearchPath" "Reduce" ".rs.rpc.get_completions" 
"ls" "FUN" "lapply" ".rs.objectsOnSearchPath" ".rs.getCompletionsSearchPath" "Reduce" ".rs.rpc.get_completions" 
"ls" "FUN" "lapply" ".rs.objectsOnSearchPath" ".rs.getCompletionsSearchPath" "Reduce" ".rs.rpc.get_completions" 
"ls" "FUN" "lapply" ".rs.objectsOnSearchPath" ".rs.getCompletionsSearchPath" "Reduce" ".rs.rpc.get_completions" 
"ls" "FUN" "lapply" ".rs.objectsOnSearchPath" ".rs.getCompletionsSearchPath" "Reduce" ".rs.rpc.get_completions" 
"ls" "FUN" "lapply" ".rs.objectsOnSearchPath" ".rs.getCompletionsSearchPath" "Reduce" ".rs.rpc.get_completions" 
"ls" "FUN" "lapply" ".rs.objectsOnSearchPath" ".rs.getCompletionsSearchPath" "Reduce" ".rs.rpc.get_completions" 
"ls" "FUN" "lapply" ".rs.objectsOnSearchPath" ".rs.getCompletionsSearchPath" "Reduce" ".rs.rpc.get_completions" 
"ls" "FUN" "lapply" ".rs.objectsOnSearchPath" ".rs.getCompletionsSearchPath" "Reduce" ".rs.rpc.get_completions" 
"ls" "FUN" "lapply" ".rs.objectsOnSearchPath" ".rs.getCompletionsSearchPath" "Reduce" ".rs.rpc.get_completions" 
"ls" "FUN" "lapply" ".rs.objectsOnSearchPath" ".rs.getCompletionsSearchPath" "Reduce" ".rs.rpc.get_completions" 
"ls" "FUN" "lapply" ".rs.objectsOnSearchPath" ".rs.getCompletionsSearchPath" "Reduce" ".rs.rpc.get_completions" 
"ls" "FUN" "lapply" ".rs.objectsOnSearchPath" ".rs.getCompletionsSearchPath" "Reduce" ".rs.rpc.get_completions" 
"ls" "FUN" "lapply" ".rs.objectsOnSearchPath" ".rs.getCompletionsSearchPath" "Reduce" ".rs.rpc.get_completions" 
"ls" "FUN" "lapply" ".rs.objectsOnSearchPath" ".rs.getCompletionsSearchPath" "Reduce" ".rs.rpc.get_completions" 
"ls" "FUN" "lapply" ".rs.objectsOnSearchPath" ".rs.getCompletionsSearchPath" "Reduce" ".rs.rpc.get_completions" 
"ls" "FUN" "lapply" ".rs.objectsOnSearchPath" ".rs.getCompletionsSearchPath" "Reduce" ".rs.rpc.get_completions" 
"ls" "FUN" "lapply" ".rs.objectsOnSearchPath" ".rs.getCompletionsSearchPath" "Reduce" ".rs.rpc.get_completions" 
"ls" "FUN" "lapply" ".rs.objectsOnSearchPath" ".rs.getCompletionsSearchPath" "Reduce" ".rs.rpc.get_completions" 
"ls" "FUN" "lapply" ".rs.objectsOnSearchPath" ".rs.getCompletionsSearchPath" "Reduce" ".rs.rpc.get_completions" 
"ls" "FUN" "lapply" ".rs.objectsOnSearchPath" ".rs.getCompletionsSearchPath" "Reduce" ".rs.rpc.get_completions" 
"ls" "FUN" "lapply" ".rs.objectsOnSearchPath" ".rs.getCompletionsSearchPath" "Reduce" ".rs.rpc.get_completions" 
"ls" "FUN" "lapply" ".rs.objectsOnSearchPath" ".rs.getCompletionsSearchPath" "Reduce" ".rs.rpc.get_completions" 
"ls" "FUN" "lapply" ".rs.objectsOnSearchPath" ".rs.getCompletionsSearchPath" "Reduce" ".rs.rpc.get_completions" 
"ls" "FUN" "lapply" ".rs.objectsOnSearchPath" ".rs.getCompletionsSearchPath" "Reduce" ".rs.rpc.get_completions" 
"ls" "FUN" "lapply" ".rs.objectsOnSearchPath" ".rs.getCompletionsSearchPath" "Reduce" ".rs.rpc.get_completions" 
"ls" "FUN" "lapply" ".rs.objectsOnSearchPath" ".rs.getCompletionsSearchPath" "Reduce" ".rs.rpc.get_completions" 
"ls" "FUN" "lapply" ".rs.objectsOnSearchPath" ".rs.getCompletionsSearchPath" "Reduce" ".rs.rpc.get_completions" 
"ls" "FUN" "lapply" ".rs.objectsOnSearchPath" ".rs.getCompletionsSearchPath" "Reduce" ".rs.rpc.get_completions" 
"ls" "FUN" "lapply" ".rs.objectsOnSearchPath" ".rs.getCompletionsSearchPath" "Reduce" ".rs.rpc.get_completions" 
"ls" "FUN" "lapply" ".rs.objectsOnSearchPath" ".rs.getCompletionsSearchPath" "Reduce" ".rs.rpc.get_completions" 
"ls" "FUN" "lapply" ".rs.objectsOnSearchPath" ".rs.getCompletionsSearchPath" "Reduce" ".rs.rpc.get_completions" 
"ls" "FUN" "lapply" ".rs.objectsOnSearchPath" ".rs.getCompletionsSearchPath" "Reduce" ".rs.rpc.get_completions" 
"ls" "FUN" "lapply" ".rs.objectsOnSearchPath" ".rs.getCompletionsSearchPath" "Reduce" ".rs.rpc.get_completions" 
"ls" "FUN" "lapply" ".rs.objectsOnSearchPath" ".rs.getCompletionsSearchPath" "Reduce" ".rs.rpc.get_completions" 
"ls" "FUN" "lapply" ".rs.objectsOnSearchPath" ".rs.getCompletionsSearchPath" "Reduce" ".rs.rpc.get_completions" 
"ls" "FUN" "lapply" ".rs.objectsOnSearchPath" ".rs.getCompletionsSearchPath" "Reduce" ".rs.rpc.get_completions" 
"ls" "FUN" "lapply" ".rs.objectsOnSearchPath" ".rs.getCompletionsSearchPath" "Reduce" ".rs.rpc.get_completions" 
"ls" "FUN" "lapply" ".rs.objectsOnSearchPath" ".rs.getCompletionsSearchPath" "Reduce" ".rs.rpc.get_completions" 
"gsub" ".rs.fuzzyMatches" ".rs.getCompletionsSearchPath" "Reduce" ".rs.rpc.get_completions" 
"gsub" ".rs.fuzzyMatches" ".rs.getCompletionsSearchPath" "Reduce" ".rs.rpc.get_completions" 
"tolower" "nchar" ".rs.startsWith" ".rs.fuzzyMatches" ".rs.getCompletionsSearchPath" "Reduce" ".rs.rpc.get_completions" 
"substring" ".rs.startsWith" ".rs.fuzzyMatches" ".rs.getCompletionsSearchPath" "Reduce" ".rs.rpc.get_completions" 
"FUN" "vapply" ".rs.getCompletionsSearchPath" "Reduce" ".rs.rpc.get_completions" 
".Call" ".rs.getNAMESPACEImportedSymbols" ".rs.getCompletionsNAMESPACE" "Reduce" ".rs.rpc.get_completions" 
".doSortWrap" "sort.int" "sort.default" "sort" ".rs.getCompletionsPackages" "Reduce" ".rs.rpc.get_completions" 
"FUN" "lapply" "Reduce" ".rs.appendCompletions" ".rs.getCompletionsLibraryContext" "Reduce" ".rs.rpc.get_completions" 
"load" 
"load" 
"load" 
"load" 
"load" 
"load" 
"load" 
"load" 
"load" 
"load" 
"load" 
"load" 
"load" 
"load" 
"load" 
"load" 
"load" 
"load" 
"load" 
"load" 
"load" 
"load" 
"load" 
"load" 
"load" 
"load" 
"load" 
"load" 
"load" 
"load" 
"load" 
"load" 
"load" 
"load" 
"load" 
"load" 
"load" 
"load" 
"load" 
"load" 
"load" 
"load" 
"load" 
"load" 
"load" 
"load" 
"load" 
"load" 
"load" 
"load" 
"load" 
"load" 
"load" 
"load" 
"load" 
"load" 
"load" 
"load" 
"load" 
"load" 
"load" 
"load" 
"load" 
"load" 
"load" 
"load" 
"load" 
"load" 
"load" 
"load" 
"load" 
"load" 
"load" 
"load" 
"load" 
"load" 
"load" 
"load" 
"load" 
"load" 
"load" 
"load" 
"load" 
"load" 
"load" 
"load" 
"load" 
"load" 
"load" 
"load" 
"load" 
"load" 
"load" 
"load" 
"load" 
"load" 
"load" 
"load" 
"load" 
"load" 
"load" 
"load" 
"load" 
"load" 
"load" 
"load" 
"load" 
"load" 
"load" 
"load" 
"load" 
"load" 
"load" 
"load" 
"load" 
"load" 
"load" 
"load" 
"load" 
"load" 
"load" 
"load" 
"load" 
"load" 
"load" 
"load" 
"load" 
"load" 
"load" 
"load" 
"load" 
"load" 
"load" 
"load" 
"load" 
"load" 
"load" 
"load" 
"load" 
"load" 
"load" 
"load" 
"load" 
"load" 
"load" 
"load" 
"load" 
"load" 
"load" 
"load" 
"load" 
"load" 
"load" 
"load" 
"load" 
"load" 
"load" 
"load" 
"load" 
"load" 
"load" 
"load" 
"load" 
"load" 
"load" 
"load" 
"load" 
"load" 
"load" 
"load" 
"load" 
"load" 
"load" 
"load" 
"load" 
"load" 
"load" 
"load" 
"load" 
"load" 
"load" 
"load" 
"load" 
"load" 
"load" 
"load" 
"load" 
"load" 
"load" 
"load" 
"load" 
"load" 
"load" 
"load" 
"load" 
"load" 
"load" 
"load" 
"load" 
"load" 
"load" 
"load" 
"load" 
"load" 
"load" 
"load" 
"load" 
"load" 
"load" 
"load" 
"load" 
"load" 
"load" 
"load" 
"load" 
"load" 
"load" 
"load" 
"load" 
"load" 
"load" 
"load" 
"load" 
"load" 
"load" 
"load" 
"load" 
"load" 
"load" 
"load" 
"load" 
"load" 
"load" 
"load" 
"load" 
"load" 
"load" 
"load" 
"load" 
"load" 
"load" 
"load" 
"load" 
"load" 
"load" 
"load" 
"load" 
"load" 
"load" 
"load" 
"load" 
"load" 
"load" 
"load" 
"load" 
"load" 
"load" 
"load" 
"load" 
"load" 
"load" 
"load" 
"load" 
"load" 
"load" 
"load" 
"load" 
"load" 
"load" 
"load" 
"load" 
"load" 
"load" 
"load" 
"load" 
"load" 
"load" 
"load" 
"load" 
"load" 
"load" 
"load" 
"load" 
"load" 
"load" 
"load" 
"load" 
"load" 
"load" 
"load" 
"load" 
"load" 
"load" 
"load" 
"load" 
"load" 
"load" 
"load" 
"load" 
"load" 
"load" 
"load" 
"load" 
"load" 
"load" 
"load" 
"load" 
"load" 
"load" 
"load" 
"load" 
"load" 
"load" 
"load" 
"load" 
"load" 
"load" 
"load" 
"load" 
"load" 
"load" 
"load" 
"load" 
"load" 
"load" 
"load" 
"load" 
"load" 
"load" 
"load" 
"load" 
"load" 
"load" 
"load" 
"load" 
"load" 
"load" 
"load" 
"load" 
"load" 
"load" 
"load" 
"load" 
"load" 
"load" 
"load" 
"load" 
"load" 
"load" 
"load" 
"load" 
"load" 
"load" 
"load" 
"load" 
"load" 
"load" 
"load" 
"load" 
"load" 
"load" 
"load" 
"load" 
"load" 
"load" 
"load" 
"load" 
"load" 
"load" 
"load" 
"load" 
"load" 
"load" 
"load" 
"load" 
"load" 
"load" 
"load" 
"load" 
"load" 
"load" 
"load" 
"load" 
"load" 
"load" 
"load" 
"load" 
"load" 
"load" 
"load" 
"load" 
"load" 
"load" 
"load" 
"load" 
"load" 
"load" 
"load" 
"load" 
"load" 
"load" 
"load" 
"load" 
"load" 
"load" 
"load" 
"load" 
"load" 
"load" 
"load" 
"load" 
"load" 
"load" 
"load" 
"load" 
"load" 
"load" 
"load" 
"load" 
"load" 
"load" 
"load" 
"load" 
"load" 
"load" 
"load" 
"load" 
"load" 
"load" 
"load" 
"load" 
"load" 
"load" 
"load" 
"load" 
"load" 
"load" 
"load" 
"load" 
"load" 
"load" 
"load" 
"load" 
"load" 
"load" 
"load" 
"load" 
"load" 
"load" 
"load" 
"load" 
"load" 
"load" 
"load" 
"load" 
"load" 
"load" 
"load" 
"load" 
"load" 
"load" 
"load" 
"load" 
"load" 
"load" 
"load" 
"load" 
"load" 
"load" 
"load" 
"load" 
"load" 
"load" 
"load" 
"load" 
"load" 
"load" 
"load" 
"load" 
"load" 
"load" 
"load" 
"load" 
"load" 
"load" 
"load" 
"load" 
"load" 
"load" 
"load" 
"load" 
"load" 
"load" 
"load" 
"load" 
"load" 
"load" 
"load" 
"load" 
"load" 
"load" 
"load" 
"load" 
"load" 
"load" 
"load" 
"load" 
"load" 
"load" 
"load" 
"load" 
"load" 
"load" 
"load" 
"load" 
"load" 
"load" 
"load" 
"load" 
"load" 
"load" 
"load" 
"load" 
"load" 
"load" 
"load" 
"load" 
"load" 
"load" 
"load" 
"load" 
"load" 
"load" 
"load" 
"load" 
"load" 
"load" 
"load" 
"load" 
"load" 
"load" 
"load" 
"load" 
"load" 
"load" 
"load" 
"load" 
"load" 
"load" 
"load" 
"load" 
"load" 
"load" 
"load" 
"load" 
"load" 
"load" 
"load" 
"load" 
"load" 
"load" 
"load" 
"load" 
"load" 
"load" 
"load" 
"load" 
"load" 
"load" 
"load" 
"load" 
"load" 
"load" 
"load" 
"load" 
"load" 
"load" 
"load" 
"load" 
"load" 
"load" 
"load" 
"load" 
"load" 
"load" 
"load" 
"load" 
"load" 
"load" 
"load" 
"load" 
"load" 
"load" 
"load" 
"load" 
"load" 
"load" 
"load" 
"load" 
"load" 
"load" 
"load" 
"load" 
"load" 
"load" 
"load" 
"load" 
"load" 
"load" 
"load" 
"load" 
"load" 
"load" 
"load" 
"load" 
"load" 
"load" 
"load" 
"load" 
"load" 
"load" 
"load" 
"load" 
"load" 
"load" 
"load" 
"load" 
"load" 
"load" 
"load" 
"load" 
"load" 
"load" 
"load" 
"load" 
"load" 
"load" 
"load" 
"load" 
"load" 
"load" 
"load" 
"load" 
"load" 
"load" 
"load" 
"load" 
"load" 
"load" 
"load" 
"load" 
"load" 
"load" 
"load" 
"load" 
"load" 
"load" 
"load" 
"load" 
"load" 
"load" 
"load" 
"load" 
"load" 
"load" 
"load" 
"load" 
"load" 
"load" 
"load" 
"load" 
"load" 
"load" 
"load" 
"load" 
"load" 
"load" 
"load" 
"load" 
"load" 
"load" 
"load" 
"load" 
"load" 
"load" 
"load" 
"load" 
"load" 
"load" 
"load" 
"load" 
"load" 
"load" 
"load" 
"load" 
"load" 
"load" 
"load" 
"load" 
"load" 
"load" 
"load" 
"load" 
"load" 
"load" 
"load" 
"load" 
"load" 
"load" 
"load" 
"load" 
"load" 
"load" 
"load" 
"load" 
"load" 
"load" 
"load" 
"load" 
"load" 
"load" 
"load" 
"load" 
"load" 
"load" 
"load" 
"load" 
"load" 
"load" 
"load" 
"load" 
"load" 
"load" 
"load" 
"load" 
"load" 
"load" 
"load" 
"load" 
"load" 
"load" 
"load" 
"load" 
"load" 
"load" 
"load" 
"load" 
"load" 
"load" 
"load" 
"load" 
"load" 
"load" 
"load" 
"load" 
"load" 
"load" 
"load" 
"load" 
"load" 
"load" 
"load" 
"load" 
"load" 
"load" 
"load" 
"load" 
"load" 
"load" 
"load" 
"load" 
"load" 
"load" 
"load" 
"load" 
"load" 
"load" 
"load" 
"load" 
"load" 
"load" 
"load" 
"load" 
"load" 
"load" 
"load" 
"load" 
"load" 
"load" 
"load" 
"load" 
"load" 
"load" 
"load" 
"load" 
"load" 
"load" 
"load" 
"load" 
"load" 
"load" 
"load" 
"load" 
"load" 
"load" 
"load" 
"load" 
"load" 
"load" 
"load" 
"load" 
"load" 
"load" 
"load" 
"load" 
"load" 
"load" 
"load" 
"load" 
"load" 
"load" 
"load" 
"load" 
"load" 
"load" 
"load" 
"load" 
"load" 
"load" 
"load" 
"load" 
"load" 
"load" 
"load" 
"load" 
"load" 
"load" 
"load" 
"load" 
"load" 
"load" 
"load" 
"load" 
"load" 
"load" 
"load" 
"load" 
"load" 
"load" 
"load" 
"load" 
"load" 
"load" 
"load" 
"load" 
"load" 
"load" 
"load" 
"load" 
"load" 
"load" 
"load" 
"load" 
"load" 
"load" 
"load" 
"load" 
"load" 
"load" 
"load" 
"load" 
"load" 
"load" 
"load" 
"load" 
"load" 
"load" 
"load" 
"load" 
"load" 
"load" 
"load" 
"load" 
"load" 
"load" 
"load" 
"load" 
"load" 
"load" 
"load" 
"load" 
"load" 
"load" 
"load" 
"load" 
"load" 
"load" 
"load" 
"load" 
"load" 
"load" 
"load" 
"load" 
"load" 
"load" 
"load" 
"load" 
"load" 
"load" 
"load" 
"load" 
"load" 
"load" 
"load" 
"load" 
"load" 
"load" 
"load" 
"load" 
"load" 
"load" 
"load" 
"load" 
"load" 
"load" 
"load" 
"load" 
"load" 
"load" 
"load" 
"load" 
"load" 
"load" 
"load" 
"load" 
"load" 
"load" 
"load" 
"load" 
"load" 
"load" 
"load" 
"load" 
"load" 
"load" 
"load" 
"load" 
"load" 
"load" 
"load" 
"load" 
"load" 
"load" 
"load" 
"load" 
"load" 
"load" 
"load" 
"load" 
"load" 
"load" 
"load" 
"load" 
"load" 
"load" 
"load" 
"load" 
"load" 
"load" 
"load" 
"load" 
"load" 
"load" 
"load" 
"load" 
"load" 
"load" 
"load" 
"load" 
"load" 
"load" 
"load" 
"load" 
"load" 
"load" 
"load" 
"load" 
"load" 
"load" 
"load" 
"load" 
"load" 
"load" 
"load" 
"load" 
"load" 
"load" 
"load" 
"load" 
"load" 
"load" 
"load" 
"load" 
"load" 
"load" 
"load" 
"load" 
"load" 
"load" 
"load" 
"load" 
"load" 
"load" 
"load" 
"load" 
"load" 
"load" 
"load" 
"load" 
"load" 
"load" 
"load" 
"load" 
"load" 
"load" 
"load" 
"load" 
"load" 
"load" 
"load" 
"load" 
"load" 
"load" 
"load" 
"load" 
"load" 
"load" 
"load" 
"load" 
"load" 
"load" 
"load" 
"load" 
"load" 
"load" 
"load" 
"load" 
"load" 
"load" 
"load" 
"load" 
"load" 
"load" 
"load" 
"load" 
"load" 
"load" 
"load" 
"load" 
"load" 
"load" 
"load" 
"load" 
"load" 
"load" 
"load" 
"load" 
"load" 
"load" 
"load" 
"load" 
"load" 
"load" 
"load" 
"load" 
"load" 
"load" 
"load" 
"load" 
"load" 
"load" 
"load" 
"load" 
"load" 
"load" 
"load" 
"load" 
"load" 
"load" 
"load" 
"load" 
"load" 
"load" 
"load" 
"load" 
"load" 
"load" 
"load" 
"load" 
"load" 
"load" 
"load" 
"load" 
"load" 
"load" 
"load" 
"load" 
"load" 
"load" 
"load" 
"load" 
"load" 
"load" 
"load" 
"load" 
"load" 
"load" 
"load" 
"load" 
"load" 
"load" 
"load" 
"load" 
"load" 
"load" 
"load" 
"load" 
"load" 
"load" 
"load" 
"load" 
"load" 
"load" 
"load" 
"load" 
"load" 
"load" 
"load" 
"load" 
"load" 
"load" 
"load" 
"load" 
"load" 
"load" 
"load" 
"load" 
"load" 
"load" 
"load" 
"load" 
"load" 
"load" 
"load" 
"load" 
"load" 
"load" 
"load" 
"load" 
"load" 
"load" 
"load" 
"load" 
"load" 
"load" 
"load" 
"load" 
"load" 
"load" 
"load" 
"load" 
"load" 
"load" 
"load" 
"load" 
"load" 
"load" 
"load" 
"load" 
"load" 
"load" 
"load" 
"load" 
"load" 
"load" 
"load" 
"load" 
"load" 
"load" 
"load" 
"load" 
"load" 
"load" 
"load" 
"load" 
"load" 
"load" 
"load" 
"load" 
"load" 
"load" 
"load" 
"load" 
"load" 
"load" 
"load" 
"load" 
"load" 
"load" 
"load" 
"load" 
"load" 
"load" 
"load" 
"load" 
"load" 
"load" 
"load" 
"load" 
"load" 
"load" 
"load" 
"load" 
"load" 
"load" 
"load" 
"load" 
"load" 
"load" 
"load" 
"load" 
"load" 
"load" 
"load" 
"load" 
"load" 
"load" 
"load" 
"load" 
"load" 
"load" 
"load" 
"load" 
"load" 
"load" 
"load" 
"load" 
"is.character" ".rs.setEncodingUnknownToUTF8" ".rs.rpc.get_completions" 
".Call" ".rs.getKnitParamsForDocument" ".rs.injectKnitrParamsObject" ".rs.rpc.get_completions" 
"ls" "FUN" "lapply" ".rs.objectsOnSearchPath" ".rs.getCompletionsSearchPath" "Reduce" ".rs.rpc.get_completions" "doTryCatch" "tryCatchOne" "tryCatchList" "tryCatch" ".rs.rpc.get_completions" 
"FUN" "lapply" "unlist" ".rs.getCompletionsSearchPath" "Reduce" ".rs.rpc.get_completions" "doTryCatch" "tryCatchOne" "tryCatchList" "tryCatch" ".rs.rpc.get_completions" 
"ls" "FUN" "lapply" ".rs.objectsOnSearchPath" ".rs.getCompletionsSearchPath" "Reduce" ".rs.rpc.get_completions" "order" ".rs.getCompletionsSearchPath" "Reduce" ".rs.rpc.get_completions" "doTryCatch" "tryCatchOne" "tryCatchList" "tryCatch" ".rs.rpc.get_completions" 
"tolower" "nchar" ".rs.startsWith" ".rs.fuzzyMatches" ".rs.getCompletionsSearchPath" "Reduce" ".rs.rpc.get_completions" "order" ".rs.getCompletionsSearchPath" "Reduce" ".rs.rpc.get_completions" "doTryCatch" "tryCatchOne" "tryCatchList" "tryCatch" ".rs.rpc.get_completions" 
"ls" "FUN" "lapply" ".rs.objectsOnSearchPath" ".rs.getCompletionsSearchPath" "Reduce" ".rs.rpc.get_completions" "order" ".rs.getCompletionsSearchPath" "Reduce" ".rs.rpc.get_completions" "order" ".rs.getCompletionsSearchPath" "Reduce" ".rs.rpc.get_completions" "doTryCatch" "tryCatchOne" "tryCatchList" "tryCatch" ".rs.rpc.get_completions" 
".Call" ".rs.getKnitParamsForDocument" ".rs.injectKnitrParamsObject" ".rs.rpc.get_completions" ".rs.scalar" ".rs.makeCompletions" ".rs.emptyCompletions" ".rs.getCompletionsNAMESPACE" "Reduce" ".rs.rpc.get_completions" "order" ".rs.getCompletionsSearchPath" "Reduce" ".rs.rpc.get_completions" "order" ".rs.getCompletionsSearchPath" "Reduce" ".rs.rpc.get_completions" "doTryCatch" "tryCatchOne" "tryCatchList" "tryCatch" ".rs.rpc.get_completions" 
"ls" "FUN" "lapply" ".rs.objectsOnSearchPath" ".rs.getCompletionsSearchPath" "Reduce" ".rs.rpc.get_completions" ".rs.scalar" ".rs.makeCompletions" ".rs.emptyCompletions" ".rs.getCompletionsNAMESPACE" "Reduce" ".rs.rpc.get_completions" "order" ".rs.getCompletionsSearchPath" "Reduce" ".rs.rpc.get_completions" "order" ".rs.getCompletionsSearchPath" "Reduce" ".rs.rpc.get_completions" "doTryCatch" "tryCatchOne" "tryCatchList" "tryCatch" ".rs.rpc.get_completions" 
"basename" "sort" ".rs.getCompletionsPackages" "Reduce" ".rs.rpc.get_completions" ".rs.scalar" ".rs.makeCompletions" ".rs.emptyCompletions" ".rs.getCompletionsNAMESPACE" "Reduce" ".rs.rpc.get_completions" "order" ".rs.getCompletionsSearchPath" "Reduce" ".rs.rpc.get_completions" "order" ".rs.getCompletionsSearchPath" "Reduce" ".rs.rpc.get_completions" "doTryCatch" "tryCatchOne" "tryCatchList" "tryCatch" ".rs.rpc.get_completions" 
"doTryCatch" "tryCatchOne" "tryCatchList" "tryCatch" "FUN" "vapply" ".rs.getCompletionsActiveFrame" "Reduce" ".rs.rpc.get_completions" ".rs.scalar" ".rs.makeCompletions" ".rs.emptyCompletions" ".rs.getCompletionsNAMESPACE" "Reduce" ".rs.rpc.get_completions" "order" ".rs.getCompletionsSearchPath" "Reduce" ".rs.rpc.get_completions" "order" ".rs.getCompletionsSearchPath" "Reduce" ".rs.rpc.get_completions" "doTryCatch" "tryCatchOne" "tryCatchList" "tryCatch" ".rs.rpc.get_completions" 
".rs.getCompletionType" "doTryCatch" "tryCatchOne" "tryCatchList" "tryCatch" "FUN" "vapply" ".rs.getCompletionsActiveFrame" "Reduce" ".rs.rpc.get_completions" ".rs.scalar" ".rs.makeCompletions" ".rs.emptyCompletions" ".rs.getCompletionsNAMESPACE" "Reduce" ".rs.rpc.get_completions" "order" ".rs.getCompletionsSearchPath" "Reduce" ".rs.rpc.get_completions" "order" ".rs.getCompletionsSearchPath" "Reduce" ".rs.rpc.get_completions" "doTryCatch" "tryCatchOne" "tryCatchList" "tryCatch" ".rs.rpc.get_completions" 
".rs.getCompletionType" "doTryCatch" "tryCatchOne" "tryCatchList" "tryCatch" "FUN" "vapply" ".rs.getCompletionsActiveFrame" "Reduce" ".rs.rpc.get_completions" ".rs.scalar" ".rs.makeCompletions" ".rs.emptyCompletions" ".rs.getCompletionsNAMESPACE" "Reduce" ".rs.rpc.get_completions" "order" ".rs.getCompletionsSearchPath" "Reduce" ".rs.rpc.get_completions" "order" ".rs.getCompletionsSearchPath" "Reduce" ".rs.rpc.get_completions" "doTryCatch" "tryCatchOne" "tryCatchList" "tryCatch" ".rs.rpc.get_completions" 
".rs.getCompletionType" "doTryCatch" "tryCatchOne" "tryCatchList" "tryCatch" "FUN" "vapply" ".rs.getCompletionsActiveFrame" "Reduce" ".rs.rpc.get_completions" ".rs.scalar" ".rs.makeCompletions" ".rs.emptyCompletions" ".rs.getCompletionsNAMESPACE" "Reduce" ".rs.rpc.get_completions" "order" ".rs.getCompletionsSearchPath" "Reduce" ".rs.rpc.get_completions" "order" ".rs.getCompletionsSearchPath" "Reduce" ".rs.rpc.get_completions" "doTryCatch" "tryCatchOne" "tryCatchList" "tryCatch" ".rs.rpc.get_completions" 
".rs.getCompletionType" "doTryCatch" "tryCatchOne" "tryCatchList" "tryCatch" "FUN" "vapply" ".rs.getCompletionsActiveFrame" "Reduce" ".rs.rpc.get_completions" ".rs.scalar" ".rs.makeCompletions" ".rs.emptyCompletions" ".rs.getCompletionsNAMESPACE" "Reduce" ".rs.rpc.get_completions" "order" ".rs.getCompletionsSearchPath" "Reduce" ".rs.rpc.get_completions" "order" ".rs.getCompletionsSearchPath" "Reduce" ".rs.rpc.get_completions" "doTryCatch" "tryCatchOne" "tryCatchList" "tryCatch" ".rs.rpc.get_completions" 
"doTryCatch" "tryCatchOne" "tryCatchList" "tryCatch" "FUN" "vapply" ".rs.getCompletionsActiveFrame" "Reduce" ".rs.rpc.get_completions" ".rs.scalar" ".rs.makeCompletions" ".rs.emptyCompletions" ".rs.getCompletionsNAMESPACE" "Reduce" ".rs.rpc.get_completions" "order" ".rs.getCompletionsSearchPath" "Reduce" ".rs.rpc.get_completions" "order" ".rs.getCompletionsSearchPath" "Reduce" ".rs.rpc.get_completions" "doTryCatch" "tryCatchOne" "tryCatchList" "tryCatch" ".rs.rpc.get_completions" 
"objects" ".rs.getCompletionsActiveFrame" "Reduce" ".rs.rpc.get_completions" ".rs.scalar" ".rs.makeCompletions" ".rs.emptyCompletions" ".rs.getCompletionsNAMESPACE" "Reduce" ".rs.rpc.get_completions" "order" ".rs.getCompletionsSearchPath" "Reduce" ".rs.rpc.get_completions" "order" ".rs.getCompletionsSearchPath" "Reduce" ".rs.rpc.get_completions" "doTryCatch" "tryCatchOne" "tryCatchList" "tryCatch" ".rs.rpc.get_completions" 
"doTryCatch" "tryCatchOne" "tryCatchList" "tryCatch" "FUN" "vapply" ".rs.getCompletionsActiveFrame" "Reduce" ".rs.rpc.get_completions" ".rs.scalar" ".rs.makeCompletions" ".rs.emptyCompletions" ".rs.getCompletionsNAMESPACE" "Reduce" ".rs.rpc.get_completions" "order" ".rs.getCompletionsSearchPath" "Reduce" ".rs.rpc.get_completions" "order" ".rs.getCompletionsSearchPath" "Reduce" ".rs.rpc.get_completions" "doTryCatch" "tryCatchOne" "tryCatchList" "tryCatch" ".rs.rpc.get_completions" 
"basename" "sort" ".rs.getCompletionsPackages" "Reduce" ".rs.rpc.get_completions" "doTryCatch" "tryCatchOne" "tryCatchList" "tryCatch" ".rs.rpc.get_completions" 
"ls" "FUN" "lapply" ".rs.objectsOnSearchPath" ".rs.getCompletionsSearchPath" "Reduce" ".rs.rpc.get_completions" 
"basename" "sort" ".rs.getCompletionsPackages" "Reduce" ".rs.rpc.get_completions" 
"modifyList" "str.default" "str" "<Anonymous>" "do.call" "strSub" "str.default" "NextMethod" "str.data.frame" "str" "doTryCatch" "tryCatchOne" "tryCatchList" "tryCatch" "try" "...elt" "withVisible" "capture.output" "doTryCatch" "tryCatchOne" "tryCatchList" "tryCatch" ".rs.withTimeLimit" ".rs.valueFromStr" ".rs.valueContentsImpl" "doTryCatch" "tryCatchOne" "tryCatchList" "tryCatch" ".rs.valueContents" ".rs.describeObject" 
"structure" "object.size" ".rs.describeObject" 
"capture.output" "doTryCatch" "tryCatchOne" "tryCatchList" "tryCatch" ".rs.withTimeLimit" ".rs.valueFromStr" ".rs.valueDescriptionImpl" "doTryCatch" "tryCatchOne" "tryCatchList" "tryCatch" ".rs.valueDescription" ".rs.describeObject" 
"FUN" "lapply" "do.call" "strSub" "str.default" "str" "<Anonymous>" "do.call" "strSub" "str.default" "str" "<Anonymous>" "do.call" "strSub" "str.default" "str" "<Anonymous>" "do.call" "strSub" "str.default" "str" "<Anonymous>" "do.call" "strSub" "str.default" "str" "doTryCatch" "tryCatchOne" "tryCatchList" "tryCatch" "try" "...elt" "withVisible" "capture.output" "doTryCatch" "tryCatchOne" "tryCatchList" "tryCatch" ".rs.withTimeLimit" ".rs.valueFromStr" ".rs.valueContentsImpl" "doTryCatch" "tryCatchOne" "tryCatchList" "tryCatch" ".rs.valueContents" ".rs.describeObject" 
"%in%" "modifyList" "str.default" "str" "<Anonymous>" "do.call" "strSub" "str.default" "str" "<Anonymous>" "do.call" "strSub" "str.default" "str" "<Anonymous>" "do.call" "strSub" "str.default" "str" "<Anonymous>" "do.call" "strSub" "str.default" "str" "doTryCatch" "tryCatchOne" "tryCatchList" "tryCatch" "try" "...elt" "withVisible" "capture.output" "doTryCatch" "tryCatchOne" "tryCatchList" "tryCatch" ".rs.withTimeLimit" ".rs.valueFromStr" ".rs.valueContentsImpl" "doTryCatch" "tryCatchOne" "tryCatchList" "tryCatch" ".rs.valueContents" ".rs.describeObject" 
"str.default" "str" "<Anonymous>" "do.call" "strSub" "str.default" "str" "<Anonymous>" "do.call" "strSub" "str.default" "str" "<Anonymous>" "do.call" "strSub" "str.default" "str" "<Anonymous>" "do.call" "strSub" "str.default" "str" "<Anonymous>" "do.call" "strSub" "str.default" "str" "doTryCatch" "tryCatchOne" "tryCatchList" "tryCatch" "try" "...elt" "withVisible" "capture.output" "doTryCatch" "tryCatchOne" "tryCatchList" "tryCatch" ".rs.withTimeLimit" ".rs.valueFromStr" ".rs.valueContentsImpl" "doTryCatch" "tryCatchOne" "tryCatchList" "tryCatch" ".rs.valueContents" ".rs.describeObject" 
"cat" "str.default" "str" "<Anonymous>" "do.call" "strSub" "str.default" "str" "<Anonymous>" "do.call" "strSub" "str.default" "str" "<Anonymous>" "do.call" "strSub" "str.default" "str" "<Anonymous>" "do.call" "strSub" "str.default" "str" "doTryCatch" "tryCatchOne" "tryCatchList" "tryCatch" "try" "...elt" "withVisible" "capture.output" "doTryCatch" "tryCatchOne" "tryCatchList" "tryCatch" ".rs.withTimeLimit" ".rs.valueFromStr" ".rs.valueContentsImpl" "doTryCatch" "tryCatchOne" "tryCatchList" "tryCatch" ".rs.valueContents" ".rs.describeObject" 
"str.default" "str" "<Anonymous>" "do.call" "strSub" "str.default" "str" "<Anonymous>" "do.call" "strSub" "str.default" "str" "<Anonymous>" "do.call" "strSub" "str.default" "str" "<Anonymous>" "do.call" "strSub" "str.default" "str" "doTryCatch" "tryCatchOne" "tryCatchList" "tryCatch" "try" "...elt" "withVisible" "capture.output" "doTryCatch" "tryCatchOne" "tryCatchList" "tryCatch" ".rs.withTimeLimit" ".rs.valueFromStr" ".rs.valueContentsImpl" "doTryCatch" "tryCatchOne" "tryCatchList" "tryCatch" ".rs.valueContents" ".rs.describeObject" 
"str" "<Anonymous>" "do.call" "strSub" "str.default" "str" "<Anonymous>" "do.call" "strSub" "str.default" "str" "<Anonymous>" "do.call" "strSub" "str.default" "str" "<Anonymous>" "do.call" "strSub" "str.default" "str" "doTryCatch" "tryCatchOne" "tryCatchList" "tryCatch" "try" "...elt" "withVisible" "capture.output" "doTryCatch" "tryCatchOne" "tryCatchList" "tryCatch" ".rs.withTimeLimit" ".rs.valueFromStr" ".rs.valueContentsImpl" "doTryCatch" "tryCatchOne" "tryCatchList" "tryCatch" ".rs.valueContents" ".rs.describeObject" 
"vapply" "%in%" "str.default" "str" "<Anonymous>" "do.call" "strSub" "str.default" "str" "<Anonymous>" "do.call" "strSub" "str.default" "str" "<Anonymous>" "do.call" "strSub" "str.default" "str" "<Anonymous>" "do.call" "strSub" "str.default" "str" "doTryCatch" "tryCatchOne" "tryCatchList" "tryCatch" "try" "...elt" "withVisible" "capture.output" "doTryCatch" "tryCatchOne" "tryCatchList" "tryCatch" ".rs.withTimeLimit" ".rs.valueFromStr" ".rs.valueContentsImpl" "doTryCatch" "tryCatchOne" "tryCatchList" "tryCatch" ".rs.valueContents" ".rs.describeObject" 
"do.call" "strSub" "str.default" "str" "<Anonymous>" "do.call" "strSub" "str.default" "str" "<Anonymous>" "do.call" "strSub" "str.default" "str" "<Anonymous>" "do.call" "strSub" "str.default" "str" "doTryCatch" "tryCatchOne" "tryCatchList" "tryCatch" "try" "...elt" "withVisible" "capture.output" "doTryCatch" "tryCatchOne" "tryCatchList" "tryCatch" ".rs.withTimeLimit" ".rs.valueFromStr" ".rs.valueContentsImpl" "doTryCatch" "tryCatchOne" "tryCatchList" "tryCatch" ".rs.valueContents" ".rs.describeObject" 
"lapply" "strSub" "str.default" "str" "<Anonymous>" "do.call" "strSub" "str.default" "str" "<Anonymous>" "do.call" "strSub" "str.default" "str" "<Anonymous>" "do.call" "strSub" "str.default" "str" "doTryCatch" "tryCatchOne" "tryCatchList" "tryCatch" "try" "...elt" "withVisible" "capture.output" "doTryCatch" "tryCatchOne" "tryCatchList" "tryCatch" ".rs.withTimeLimit" ".rs.valueFromStr" ".rs.valueContentsImpl" "doTryCatch" "tryCatchOne" "tryCatchList" "tryCatch" ".rs.valueContents" ".rs.describeObject" 
"vapply" "prettyNum" "format.default" "format" "format.fun" "paste" "nchar.w" "maybe_truncate" "formObj" "cat" "str.default" "str" "<Anonymous>" "do.call" "strSub" "str.default" "str" "<Anonymous>" "do.call" "strSub" "str.default" "str" "<Anonymous>" "do.call" "strSub" "str.default" "str" "doTryCatch" "tryCatchOne" "tryCatchList" "tryCatch" "try" "...elt" "withVisible" "capture.output" "doTryCatch" "tryCatchOne" "tryCatchList" "tryCatch" ".rs.withTimeLimit" ".rs.valueFromStr" ".rs.valueContentsImpl" "doTryCatch" "tryCatchOne" "tryCatchList" "tryCatch" ".rs.valueContents" ".rs.describeObject" 
"setdiff" "strSub" "str.default" "str" "<Anonymous>" "do.call" "strSub" "str.default" "str" "<Anonymous>" "do.call" "strSub" "str.default" "str" "<Anonymous>" "do.call" "strSub" "str.default" "str" "doTryCatch" "tryCatchOne" "tryCatchList" "tryCatch" "try" "...elt" "withVisible" "capture.output" "doTryCatch" "tryCatchOne" "tryCatchList" "tryCatch" ".rs.withTimeLimit" ".rs.valueFromStr" ".rs.valueContentsImpl" "doTryCatch" "tryCatchOne" "tryCatchList" "tryCatch" ".rs.valueContents" ".rs.describeObject" 
"cat" "str.default" "str" "<Anonymous>" "do.call" "strSub" "str.default" "str" "<Anonymous>" "do.call" "strSub" "str.default" "str" "<Anonymous>" "do.call" "strSub" "str.default" "str" "<Anonymous>" "do.call" "strSub" "str.default" "str" "<Anonymous>" "do.call" "strSub" "str.default" "str" "doTryCatch" "tryCatchOne" "tryCatchList" "tryCatch" "try" "...elt" "withVisible" "capture.output" "doTryCatch" "tryCatchOne" "tryCatchList" "tryCatch" ".rs.withTimeLimit" ".rs.valueFromStr" ".rs.valueContentsImpl" "doTryCatch" "tryCatchOne" "tryCatchList" "tryCatch" ".rs.valueContents" ".rs.describeObject" 
"cat" "str.default" "str" "<Anonymous>" "do.call" "strSub" "str.default" "str" "<Anonymous>" "do.call" "strSub" "str.default" "str" "<Anonymous>" "do.call" "strSub" "str.default" "str" "doTryCatch" "tryCatchOne" "tryCatchList" "tryCatch" "try" "...elt" "withVisible" "capture.output" "doTryCatch" "tryCatchOne" "tryCatchList" "tryCatch" ".rs.withTimeLimit" ".rs.valueFromStr" ".rs.valueContentsImpl" "doTryCatch" "tryCatchOne" "tryCatchList" "tryCatch" ".rs.valueContents" ".rs.describeObject" 
"c" "eval" "eval" "str.default" "str" "<Anonymous>" "do.call" "strSub" "str.default" "str" "<Anonymous>" "do.call" "strSub" "str.default" "str" "<Anonymous>" "do.call" "strSub" "str.default" "str" "<Anonymous>" "do.call" "strSub" "str.default" "str" "<Anonymous>" "do.call" "strSub" "str.default" "str" "doTryCatch" "tryCatchOne" "tryCatchList" "tryCatch" "try" "...elt" "withVisible" "capture.output" "doTryCatch" "tryCatchOne" "tryCatchList" "tryCatch" ".rs.withTimeLimit" ".rs.valueFromStr" ".rs.valueContentsImpl" "doTryCatch" "tryCatchOne" "tryCatchList" "tryCatch" ".rs.valueContents" ".rs.describeObject" 
"parent.frame" "eval" "FUN" "lapply" "strSub" "str.default" "str" "<Anonymous>" "do.call" "strSub" "str.default" "str" "<Anonymous>" "do.call" "strSub" "str.default" "str" "doTryCatch" "tryCatchOne" "tryCatchList" "tryCatch" "try" "...elt" "withVisible" "capture.output" "doTryCatch" "tryCatchOne" "tryCatchList" "tryCatch" ".rs.withTimeLimit" ".rs.valueFromStr" ".rs.valueContentsImpl" "doTryCatch" "tryCatchOne" "tryCatchList" "tryCatch" ".rs.valueContents" ".rs.describeObject" 
"is.factor" "sub" "prettyNum" "format.default" "format" "format.fun" "paste" "nchar.w" "maybe_truncate" "formObj" "cat" "str.default" "str" "doTryCatch" "tryCatchOne" "tryCatchList" "tryCatch" "try" "...elt" "withVisible" "capture.output" "doTryCatch" "tryCatchOne" "tryCatchList" "tryCatch" ".rs.withTimeLimit" ".rs.valueFromStr" ".rs.valueDescriptionImpl" "doTryCatch" "tryCatchOne" "tryCatchList" "tryCatch" ".rs.valueDescription" ".rs.describeObject" 
"nchar.w" "maybe_truncate" "formObj" "cat" "str.default" "str" "doTryCatch" "tryCatchOne" "tryCatchList" "tryCatch" "try" "...elt" "withVisible" "capture.output" "doTryCatch" "tryCatchOne" "tryCatchList" "tryCatch" ".rs.withTimeLimit" ".rs.valueFromStr" ".rs.valueDescriptionImpl" "doTryCatch" "tryCatchOne" "tryCatchList" "tryCatch" ".rs.valueDescription" ".rs.describeObject" 
"substr" "str.default" "str" "doTryCatch" "tryCatchOne" "tryCatchList" "tryCatch" "try" "...elt" "withVisible" "capture.output" "doTryCatch" "tryCatchOne" "tryCatchList" "tryCatch" ".rs.withTimeLimit" ".rs.valueFromStr" ".rs.valueDescriptionImpl" "doTryCatch" "tryCatchOne" "tryCatchList" "tryCatch" ".rs.valueDescription" ".rs.describeObject" 
"do.call" "strSub" "str.default" "str" "<Anonymous>" "do.call" "strSub" "str.default" "str" "<Anonymous>" "do.call" "strSub" "str.default" "str" "<Anonymous>" "do.call" "strSub" "str.default" "str" "doTryCatch" "tryCatchOne" "tryCatchList" "tryCatch" "try" "...elt" "withVisible" "capture.output" "doTryCatch" "tryCatchOne" "tryCatchList" "tryCatch" ".rs.withTimeLimit" ".rs.valueFromStr" ".rs.valueContentsImpl" "doTryCatch" "tryCatchOne" "tryCatchList" "tryCatch" ".rs.valueContents" ".rs.describeObject" 
"FUN" "lapply" "strSub" "str.default" "str" "<Anonymous>" "do.call" "strSub" "str.default" "str" "<Anonymous>" "do.call" "strSub" "str.default" "str" "<Anonymous>" "do.call" "strSub" "str.default" "str" "doTryCatch" "tryCatchOne" "tryCatchList" "tryCatch" "try" "...elt" "withVisible" "capture.output" "doTryCatch" "tryCatchOne" "tryCatchList" "tryCatch" ".rs.withTimeLimit" ".rs.valueFromStr" ".rs.valueContentsImpl" "doTryCatch" "tryCatchOne" "tryCatchList" "tryCatch" ".rs.valueContents" ".rs.describeObject" 
"exists" "str.default" "str" "<Anonymous>" "do.call" "strSub" "str.default" "str" "<Anonymous>" "do.call" "strSub" "str.default" "str" "<Anonymous>" "do.call" "strSub" "str.default" "str" "<Anonymous>" "do.call" "strSub" "str.default" "str" "doTryCatch" "tryCatchOne" "tryCatchList" "tryCatch" "try" "...elt" "withVisible" "capture.output" "doTryCatch" "tryCatchOne" "tryCatchList" "tryCatch" ".rs.withTimeLimit" ".rs.valueFromStr" ".rs.valueContentsImpl" "doTryCatch" "tryCatchOne" "tryCatchList" "tryCatch" ".rs.valueContents" ".rs.describeObject" 
"<Anonymous>" "do.call" "strSub" "str.default" "str" "<Anonymous>" "do.call" "strSub" "str.default" "str" "<Anonymous>" "do.call" "strSub" "str.default" "str" "doTryCatch" "tryCatchOne" "tryCatchList" "tryCatch" "try" "...elt" "withVisible" "capture.output" "doTryCatch" "tryCatchOne" "tryCatchList" "tryCatch" ".rs.withTimeLimit" ".rs.valueFromStr" ".rs.valueContentsImpl" "doTryCatch" "tryCatchOne" "tryCatchList" "tryCatch" ".rs.valueContents" ".rs.describeObject" 
"prettyNum" "format.default" "format" "format.fun" "paste" "nchar.w" "maybe_truncate" "formObj" "cat" "str.default" "str" "<Anonymous>" "do.call" "strSub" "str.default" "str" "<Anonymous>" "do.call" "strSub" "str.default" "str" "<Anonymous>" "do.call" "strSub" "str.default" "str" "doTryCatch" "tryCatchOne" "tryCatchList" "tryCatch" "try" "...elt" "withVisible" "capture.output" "doTryCatch" "tryCatchOne" "tryCatchList" "tryCatch" ".rs.withTimeLimit" ".rs.valueFromStr" ".rs.valueContentsImpl" "doTryCatch" "tryCatchOne" "tryCatchList" "tryCatch" ".rs.valueContents" ".rs.describeObject" 
"match.arg" "prettyNum" "format.default" "format" "format.fun" "paste" "nchar.w" "maybe_truncate" "formObj" "cat" "str.default" "str" "<Anonymous>" "do.call" "strSub" "str.default" "str" "<Anonymous>" "do.call" "strSub" "str.default" "str" "<Anonymous>" "do.call" "strSub" "str.default" "str" "doTryCatch" "tryCatchOne" "tryCatchList" "tryCatch" "try" "...elt" "withVisible" "capture.output" "doTryCatch" "tryCatchOne" "tryCatchList" "tryCatch" ".rs.withTimeLimit" ".rs.valueFromStr" ".rs.valueContentsImpl" "doTryCatch" "tryCatchOne" "tryCatchList" "tryCatch" ".rs.valueContents" ".rs.describeObject" 
"str.default" "str" "<Anonymous>" "do.call" "strSub" "str.default" "str" "<Anonymous>" "do.call" "strSub" "str.default" "str" "<Anonymous>" "do.call" "strSub" "str.default" "str" "<Anonymous>" "do.call" "strSub" "str.default" "str" "doTryCatch" "tryCatchOne" "tryCatchList" "tryCatch" "try" "...elt" "withVisible" "capture.output" "doTryCatch" "tryCatchOne" "tryCatchList" "tryCatch" ".rs.withTimeLimit" ".rs.valueFromStr" ".rs.valueContentsImpl" "doTryCatch" "tryCatchOne" "tryCatchList" "tryCatch" ".rs.valueContents" ".rs.describeObject" 
"match.call" "as.vector" "setdiff" "strSub" "str.default" "str" "<Anonymous>" "do.call" "strSub" "str.default" "str" "<Anonymous>" "do.call" "strSub" "str.default" "str" "<Anonymous>" "do.call" "strSub" "str.default" "str" "doTryCatch" "tryCatchOne" "tryCatchList" "tryCatch" "try" "...elt" "withVisible" "capture.output" "doTryCatch" "tryCatchOne" "tryCatchList" "tryCatch" ".rs.withTimeLimit" ".rs.valueFromStr" ".rs.valueContentsImpl" "doTryCatch" "tryCatchOne" "tryCatchList" "tryCatch" ".rs.valueContents" ".rs.describeObject" 
"ls" "FUN" "lapply" ".rs.objectsOnSearchPath" ".rs.getCompletionsSearchPath" "Reduce" ".rs.rpc.get_completions" 
"ls" "FUN" "lapply" ".rs.objectsOnSearchPath" ".rs.getCompletionsSearchPath" "Reduce" ".rs.rpc.get_completions" 
"substring" ".rs.startsWith" ".rs.fuzzyMatches" ".rs.getCompletionsSearchPath" "Reduce" ".rs.rpc.get_completions" 
".Call" ".rs.listIndexedPackages" "basename" "sort" ".rs.getCompletionsPackages" "Reduce" ".rs.rpc.get_completions" 
"ls" "FUN" "lapply" ".rs.objectsOnSearchPath" ".rs.getCompletionsSearchPath" "Reduce" ".rs.rpc.get_completions" 
"ls" "FUN" "lapply" ".rs.objectsOnSearchPath" ".rs.getCompletionsSearchPath" "Reduce" ".rs.rpc.get_completions" 
"nchar" ".rs.startsWith" ".rs.fuzzyMatches" ".rs.getCompletionsSearchPath" "Reduce" ".rs.rpc.get_completions" 
"isTRUE" "which" ".rs.makeCompletions" ".rs.getCompletionsSearchPath" "Reduce" ".rs.rpc.get_completions" 
"ls" "FUN" "lapply" ".rs.objectsOnSearchPath" ".rs.getCompletionsSearchPath" "Reduce" ".rs.rpc.get_completions" 
"gsub" ".rs.fuzzyMatches" ".rs.getCompletionsSearchPath" "Reduce" ".rs.rpc.get_completions" 
"vapply" ".rs.getCompletionsSearchPath" "Reduce" ".rs.rpc.get_completions" 
".rs.makeCompletions" ".rs.getCompletionsSearchPath" "Reduce" ".rs.rpc.get_completions" 
"doTryCatch" "tryCatchOne" "tryCatchList" "tryCatch" "base::try" "withCallingHandlers" "base::suppressWarnings" 
"ls" "FUN" "lapply" ".rs.objectsOnSearchPath" ".rs.getCompletionsSearchPath" "Reduce" ".rs.rpc.get_completions" 
"nchar" ".rs.startsWith" ".rs.fuzzyMatches" ".rs.getCompletionsSearchPath" "Reduce" ".rs.rpc.get_completions" 
"pmatch" ".deparseOpts" "deparse" "mode" "%in%" "deparse" "value[[3]]" "tryCatchOne" "tryCatchList" "tryCatch" "base::try" "withCallingHandlers" "base::suppressWarnings" 
"strsplit" "value[[3]]" "tryCatchOne" "tryCatchList" "tryCatch" "base::try" "withCallingHandlers" "base::suppressWarnings" 
"ls" "FUN" "lapply" ".rs.objectsOnSearchPath" ".rs.getCompletionsSearchPath" "Reduce" ".rs.rpc.get_completions" 
"ls" "FUN" "lapply" ".rs.objectsOnSearchPath" ".rs.getCompletionsSearchPath" "Reduce" ".rs.rpc.get_completions" 
"grepl" ".rs.makeCompletions" ".rs.getCompletionsPackages" "Reduce" ".rs.rpc.get_completions" 
"ls" "FUN" "lapply" ".rs.objectsOnSearchPath" ".rs.getCompletionsSearchPath" "Reduce" ".rs.rpc.get_completions" 
"unlist" ".rs.getCompletionsSearchPath" "Reduce" ".rs.rpc.get_completions" 
"doTryCatch" "tryCatchOne" "tryCatchList" "tryCatch" "base::try" "withCallingHandlers" "base::suppressWarnings" 
"c" "structure" "simpleError" "tryCatchOne" "tryCatchList" "tryCatch" "base::try" "withCallingHandlers" "base::suppressWarnings" 
"doTryCatch" "tryCatchOne" "tryCatchList" "tryCatch" "base::try" "withCallingHandlers" "base::suppressWarnings" 
